This is pdfTeX, Version 3.1415926-2.4-1.40.13 (MiKTeX 2.9) (preloaded format=pdflatex 2018.5.1)  17 MAR 2019 21:22
entering extended mode
**main.tex

("C:\Users\ab507t\Dropbox\New Projects\Censored Posterior\PCP\results\NEW_combi
ned\Description\main.tex"
LaTeX2e <2011/06/27>
Babel <v3.8m> and hyphenation patterns for english, afrikaans, ancientgreek, ar
abic, armenian, assamese, basque, bengali, bokmal, bulgarian, catalan, coptic, 
croatian, czech, danish, dutch, esperanto, estonian, farsi, finnish, french, ga
lician, german, german-x-2012-05-30, greek, gujarati, hindi, hungarian, iceland
ic, indonesian, interlingua, irish, italian, kannada, kurmanji, latin, latvian,
 lithuanian, malayalam, marathi, mongolian, mongolianlmc, monogreek, ngerman, n
german-x-2012-05-30, nynorsk, oriya, panjabi, pinyin, polish, portuguese, roman
ian, russian, sanskrit, serbian, slovak, slovenian, spanish, swedish, swissgerm
an, tamil, telugu, turkish, turkmen, ukenglish, ukrainian, uppersorbian, usengl
ishmax, welsh, loaded.
("C:\Program Files (x86)\MiKTeX 2.9\tex\latex\base\article.cls"
Document Class: article 2007/10/19 v1.4h Standard LaTeX document class
("C:\Program Files (x86)\MiKTeX 2.9\tex\latex\base\size10.clo"
File: size10.clo 2007/10/19 v1.4h Standard LaTeX file (size option)
)
\c@part=\count79
\c@section=\count80
\c@subsection=\count81
\c@subsubsection=\count82
\c@paragraph=\count83
\c@subparagraph=\count84
\c@figure=\count85
\c@table=\count86
\abovecaptionskip=\skip41
\belowcaptionskip=\skip42
\bibindent=\dimen102
)
("C:\Users\ab507t\Dropbox\New Projects\Censored Posterior\PCP\results\NEW_combi
ned\Description\style.tex"
("C:\Program Files (x86)\MiKTeX 2.9\tex\latex\amsfonts\amssymb.sty"
Package: amssymb 2013/01/14 v3.01 AMS font symbols

("C:\Program Files (x86)\MiKTeX 2.9\tex\latex\amsfonts\amsfonts.sty"
Package: amsfonts 2013/01/14 v3.01 Basic AMSFonts support
\@emptytoks=\toks14
\symAMSa=\mathgroup4
\symAMSb=\mathgroup5
LaTeX Font Info:    Overwriting math alphabet `\mathfrak' in version `bold'
(Font)                  U/euf/m/n --> U/euf/b/n on input line 106.
))
("C:\Program Files (x86)\MiKTeX 2.9\tex\generic\babel\babel.sty"
Package: babel 2008/07/08 v3.8m The Babel package

*************************************
* Local config file bblopts.cfg used
*
("C:\Program Files (x86)\MiKTeX 2.9\tex\latex\00miktex\bblopts.cfg"
File: bblopts.cfg 2006/07/31 v1.0 MiKTeX 'babel' configuration
)
("C:\Program Files (x86)\MiKTeX 2.9\tex\generic\babel\english.ldf"
Language: english 2005/03/30 v3.3o English support from the babel system

("C:\Program Files (x86)\MiKTeX 2.9\tex\generic\babel\babel.def"
File: babel.def 2008/07/08 v3.8m Babel common definitions
\babel@savecnt=\count87
\U@D=\dimen103
)
\l@canadian = a dialect from \language\l@american 
\l@australian = a dialect from \language\l@british 
\l@newzealand = a dialect from \language\l@british 
))
("C:\Program Files (x86)\MiKTeX 2.9\tex\latex\base\inputenc.sty"
Package: inputenc 2008/03/30 v1.1d Input encoding file
\inpenc@prehook=\toks15
\inpenc@posthook=\toks16

("C:\Program Files (x86)\MiKTeX 2.9\tex\latex\ucs\utf8x.def"
File: utf8x.def 2004/10/17 UCS: Input encoding UTF-8
))
("C:\Program Files (x86)\MiKTeX 2.9\tex\latex\ucs\ucs.sty"
Package: ucs 2004/10/17 UCS: Unicode input support

("C:\Program Files (x86)\MiKTeX 2.9\tex\latex\ucs\uni-global.def"
File: uni-global.def 2012/08/28 UCS: Unicode global data
)
\uc@secondtry=\count88
\uc@combtoks=\toks17
\uc@combtoksb=\toks18
\uc@temptokena=\toks19
)
("C:\Program Files (x86)\MiKTeX 2.9\tex\latex\hyperref\hyperref.sty"
Package: hyperref 2012/11/06 v6.83m Hypertext links for LaTeX

("C:\Program Files (x86)\MiKTeX 2.9\tex\generic\oberdiek\hobsub-hyperref.sty"
Package: hobsub-hyperref 2012/04/25 v1.12 Bundle oberdiek, subset hyperref (HO)


("C:\Program Files (x86)\MiKTeX 2.9\tex\generic\oberdiek\hobsub-generic.sty"
Package: hobsub-generic 2012/04/25 v1.12 Bundle oberdiek, subset generic (HO)
Package: hobsub 2012/04/25 v1.12 Construct package bundles (HO)
Package: infwarerr 2010/04/08 v1.3 Providing info/warning/error messages (HO)
Package: ltxcmds 2011/11/09 v1.22 LaTeX kernel commands for general use (HO)
Package: ifluatex 2010/03/01 v1.3 Provides the ifluatex switch (HO)
Package ifluatex Info: LuaTeX not detected.
Package: ifvtex 2010/03/01 v1.5 Detect VTeX and its facilities (HO)
Package ifvtex Info: VTeX not detected.
Package: intcalc 2007/09/27 v1.1 Expandable calculations with integers (HO)
Package: ifpdf 2011/01/30 v2.3 Provides the ifpdf switch (HO)
Package ifpdf Info: pdfTeX in PDF mode is detected.
Package: etexcmds 2011/02/16 v1.5 Avoid name clashes with e-TeX commands (HO)
Package etexcmds Info: Could not find \expanded.
(etexcmds)             That can mean that you are not using pdfTeX 1.50 or
(etexcmds)             that some package has redefined \expanded.
(etexcmds)             In the latter case, load this package earlier.
Package: kvsetkeys 2012/04/25 v1.16 Key value parser (HO)
Package: kvdefinekeys 2011/04/07 v1.3 Define keys (HO)
Package: pdftexcmds 2011/11/29 v0.20 Utility functions of pdfTeX for LuaTeX (HO
)
Package pdftexcmds Info: LuaTeX not detected.
Package pdftexcmds Info: \pdf@primitive is available.
Package pdftexcmds Info: \pdf@ifprimitive is available.
Package pdftexcmds Info: \pdfdraftmode found.
Package: pdfescape 2011/11/25 v1.13 Implements pdfTeX's escape features (HO)
Package: bigintcalc 2012/04/08 v1.3 Expandable calculations on big integers (HO
)
Package: bitset 2011/01/30 v1.1 Handle bit-vector datatype (HO)
Package: uniquecounter 2011/01/30 v1.2 Provide unlimited unique counter (HO)
)
Package hobsub Info: Skipping package `hobsub' (already loaded).
Package: letltxmacro 2010/09/02 v1.4 Let assignment for LaTeX macros (HO)
Package: hopatch 2011/06/24 v1.1 Wrapper for package hooks (HO)
Package: xcolor-patch 2011/01/30 xcolor patch
Package: atveryend 2011/06/30 v1.8 Hooks at the very end of document (HO)
Package atveryend Info: \enddocument detected (standard20110627).
Package: atbegshi 2011/10/05 v1.16 At begin shipout hook (HO)
Package: refcount 2011/10/16 v3.4 Data extraction from label references (HO)
Package: hycolor 2011/01/30 v1.7 Color options for hyperref/bookmark (HO)
)
("C:\Program Files (x86)\MiKTeX 2.9\tex\latex\graphics\keyval.sty"
Package: keyval 1999/03/16 v1.13 key=value parser (DPC)
\KV@toks@=\toks20
)
("C:\Program Files (x86)\MiKTeX 2.9\tex\generic\ifxetex\ifxetex.sty"
Package: ifxetex 2010/09/12 v0.6 Provides ifxetex conditional
)
("C:\Program Files (x86)\MiKTeX 2.9\tex\latex\oberdiek\auxhook.sty"
Package: auxhook 2011/03/04 v1.3 Hooks for auxiliary files (HO)
)
("C:\Program Files (x86)\MiKTeX 2.9\tex\latex\oberdiek\kvoptions.sty"
Package: kvoptions 2011/06/30 v3.11 Key value format for package options (HO)
)
\@linkdim=\dimen104
\Hy@linkcounter=\count89
\Hy@pagecounter=\count90

("C:\Program Files (x86)\MiKTeX 2.9\tex\latex\hyperref\pd1enc.def"
File: pd1enc.def 2012/11/06 v6.83m Hyperref: PDFDocEncoding definition (HO)
)
\Hy@SavedSpaceFactor=\count91

("C:\Program Files (x86)\MiKTeX 2.9\tex\latex\00miktex\hyperref.cfg"
File: hyperref.cfg 2002/06/06 v1.2 hyperref configuration of TeXLive
)
Package hyperref Info: Hyper figures OFF on input line 4443.
Package hyperref Info: Link nesting OFF on input line 4448.
Package hyperref Info: Hyper index ON on input line 4451.
Package hyperref Info: Plain pages OFF on input line 4458.
Package hyperref Info: Backreferencing OFF on input line 4463.
Package hyperref Info: Implicit mode ON; LaTeX internals redefined.
Package hyperref Info: Bookmarks ON on input line 4688.
\c@Hy@tempcnt=\count92

("C:\Program Files (x86)\MiKTeX 2.9\tex\latex\ltxmisc\url.sty"
\Urlmuskip=\muskip10
Package: url 2006/04/12  ver 3.3  Verb mode for urls, etc.
)
LaTeX Info: Redefining \url on input line 5041.
\XeTeXLinkMargin=\dimen105
\Fld@menulength=\count93
\Field@Width=\dimen106
\Fld@charsize=\dimen107
Package hyperref Info: Hyper figures OFF on input line 6295.
Package hyperref Info: Link nesting OFF on input line 6300.
Package hyperref Info: Hyper index ON on input line 6303.
Package hyperref Info: backreferencing OFF on input line 6310.
Package hyperref Info: Link coloring OFF on input line 6315.
Package hyperref Info: Link coloring with OCG OFF on input line 6320.
Package hyperref Info: PDF/A mode OFF on input line 6325.
LaTeX Info: Redefining \ref on input line 6365.
LaTeX Info: Redefining \pageref on input line 6369.
\Hy@abspage=\count94
\c@Item=\count95
\c@Hfootnote=\count96
)

Package hyperref Message: Driver (autodetected): hpdftex.

("C:\Program Files (x86)\MiKTeX 2.9\tex\latex\hyperref\hpdftex.def"
File: hpdftex.def 2012/11/06 v6.83m Hyperref driver for pdfTeX
\Fld@listcount=\count97
\c@bookmark@seq@number=\count98

("C:\Program Files (x86)\MiKTeX 2.9\tex\latex\oberdiek\rerunfilecheck.sty"
Package: rerunfilecheck 2011/04/15 v1.7 Rerun checks for auxiliary files (HO)
Package uniquecounter Info: New unique counter `rerunfilecheck' on input line 2
82.
)
\Hy@SectionHShift=\skip43
)
("C:\Program Files (x86)\MiKTeX 2.9\tex\latex\natbib\natbib.sty"
Package: natbib 2010/09/13 8.31b (PWD, AO)
\bibhang=\skip44
\bibsep=\skip45
LaTeX Info: Redefining \cite on input line 694.
\c@NAT@ctr=\count99
)
("C:\Program Files (x86)\MiKTeX 2.9\tex\latex\geometry\geometry.sty"
Package: geometry 2010/09/12 v5.6 Page Geometry
\Gm@cnth=\count100
\Gm@cntv=\count101
\c@Gm@tempcnt=\count102
\Gm@bindingoffset=\dimen108
\Gm@wd@mp=\dimen109
\Gm@odd@mp=\dimen110
\Gm@even@mp=\dimen111
\Gm@layoutwidth=\dimen112
\Gm@layoutheight=\dimen113
\Gm@layouthoffset=\dimen114
\Gm@layoutvoffset=\dimen115
\Gm@dimlist=\toks21

("C:\Program Files (x86)\MiKTeX 2.9\tex\latex\geometry\geometry.cfg"))
("C:\Program Files (x86)\MiKTeX 2.9\tex\latex\graphics\graphicx.sty"
Package: graphicx 1999/02/16 v1.0f Enhanced LaTeX Graphics (DPC,SPQR)

("C:\Program Files (x86)\MiKTeX 2.9\tex\latex\graphics\graphics.sty"
Package: graphics 2009/02/05 v1.0o Standard LaTeX Graphics (DPC,SPQR)

("C:\Program Files (x86)\MiKTeX 2.9\tex\latex\graphics\trig.sty"
Package: trig 1999/03/16 v1.09 sin cos tan (DPC)
)
("C:\Program Files (x86)\MiKTeX 2.9\tex\latex\00miktex\graphics.cfg"
File: graphics.cfg 2007/01/18 v1.5 graphics configuration of teTeX/TeXLive
)
Package graphics Info: Driver file: pdftex.def on input line 91.

("C:\Program Files (x86)\MiKTeX 2.9\tex\latex\pdftex-def\pdftex.def"
File: pdftex.def 2011/05/27 v0.06d Graphics/color for pdfTeX
\Gread@gobject=\count103
))
\Gin@req@height=\dimen116
\Gin@req@width=\dimen117
)
("C:\Program Files (x86)\MiKTeX 2.9\tex\latex\todonotes\todonotes.sty"
Package: todonotes 2012/07/25 .dtx Todonotes source and documentation.
Package: todonotes 2012/07/25

("C:\Program Files (x86)\MiKTeX 2.9\tex\latex\base\ifthen.sty"
Package: ifthen 2001/05/26 v1.1c Standard LaTeX ifthen package (DPC)
)
("C:\Program Files (x86)\MiKTeX 2.9\tex\latex\xkeyval\xkeyval.sty"
Package: xkeyval 2012/10/14 v2.6b package option processing (HA)

("C:\Program Files (x86)\MiKTeX 2.9\tex\generic\xkeyval\xkeyval.tex"
\XKV@toks=\toks22
\XKV@tempa@toks=\toks23
\XKV@depth=\count104
File: xkeyval.tex 2012/10/14 v2.6b key=value parser (HA)
))
("C:\Program Files (x86)\MiKTeX 2.9\tex\latex\xcolor\xcolor.sty"
Package: xcolor 2007/01/21 v2.11 LaTeX color extensions (UK)

("C:\Program Files (x86)\MiKTeX 2.9\tex\latex\00miktex\color.cfg"
File: color.cfg 2007/01/18 v1.5 color configuration of teTeX/TeXLive
)
Package xcolor Info: Driver file: pdftex.def on input line 225.
Package xcolor Info: Model `cmy' substituted by `cmy0' on input line 1337.
Package xcolor Info: Model `hsb' substituted by `rgb' on input line 1341.
Package xcolor Info: Model `RGB' extended on input line 1353.
Package xcolor Info: Model `HTML' substituted by `rgb' on input line 1355.
Package xcolor Info: Model `Hsb' substituted by `hsb' on input line 1356.
Package xcolor Info: Model `tHsb' substituted by `hsb' on input line 1357.
Package xcolor Info: Model `HSB' substituted by `hsb' on input line 1358.
Package xcolor Info: Model `Gray' substituted by `gray' on input line 1359.
Package xcolor Info: Model `wave' substituted by `hsb' on input line 1360.
)
("C:\Program Files (x86)\MiKTeX 2.9\tex\latex\pgf\frontendlayer\tikz.sty"
("C:\Program Files (x86)\MiKTeX 2.9\tex\latex\pgf\basiclayer\pgf.sty"
("C:\Program Files (x86)\MiKTeX 2.9\tex\latex\pgf\utilities\pgfrcs.sty"
("C:\Program Files (x86)\MiKTeX 2.9\tex\generic\pgf\utilities\pgfutil-common.te
x"
\pgfutil@everybye=\toks24
)
("C:\Program Files (x86)\MiKTeX 2.9\tex\generic\pgf\utilities\pgfutil-latex.def
"
\pgfutil@abb=\box26
 ("C:\Program Files (x86)\MiKTeX 2.9\tex\latex\ms\everyshi.sty"
Package: everyshi 2001/05/15 v3.00 EveryShipout Package (MS)
))
("C:\Program Files (x86)\MiKTeX 2.9\tex\generic\pgf\utilities\pgfrcs.code.tex"
Package: pgfrcs 2010/10/25 v2.10 (rcs-revision 1.24)
))
Package: pgf 2008/01/15 v2.10 (rcs-revision 1.12)
 ("C:\Program Files (x86)\MiKTeX 2.9\tex\latex\pgf\basiclayer\pgfcore.sty"
("C:\Program Files (x86)\MiKTeX 2.9\tex\latex\pgf\systemlayer\pgfsys.sty"
("C:\Program Files (x86)\MiKTeX 2.9\tex\generic\pgf\systemlayer\pgfsys.code.tex
"
Package: pgfsys 2010/06/30 v2.10 (rcs-revision 1.37)
 ("C:\Program Files (x86)\MiKTeX 2.9\tex\generic\pgf\utilities\pgfkeys.code.tex
"
\pgfkeys@pathtoks=\toks25
\pgfkeys@temptoks=\toks26

("C:\Program Files (x86)\MiKTeX 2.9\tex\generic\pgf\utilities\pgfkeysfiltered.c
ode.tex"
\pgfkeys@tmptoks=\toks27
))
\pgf@x=\dimen118
\pgf@y=\dimen119
\pgf@xa=\dimen120
\pgf@ya=\dimen121
\pgf@xb=\dimen122
\pgf@yb=\dimen123
\pgf@xc=\dimen124
\pgf@yc=\dimen125
\w@pgf@writea=\write3
\r@pgf@reada=\read1
\c@pgf@counta=\count105
\c@pgf@countb=\count106
\c@pgf@countc=\count107
\c@pgf@countd=\count108

("C:\Program Files (x86)\MiKTeX 2.9\tex\generic\pgf\systemlayer\pgf.cfg"
File: pgf.cfg 2008/05/14  (rcs-revision 1.7)
)
Package pgfsys Info: Driver file for pgf: pgfsys-pdftex.def on input line 900.

("C:\Program Files (x86)\MiKTeX 2.9\tex\generic\pgf\systemlayer\pgfsys-pdftex.d
ef"
File: pgfsys-pdftex.def 2009/05/22  (rcs-revision 1.26)

("C:\Program Files (x86)\MiKTeX 2.9\tex\generic\pgf\systemlayer\pgfsys-common-p
df.def"
File: pgfsys-common-pdf.def 2008/05/19  (rcs-revision 1.10)
)))
("C:\Program Files (x86)\MiKTeX 2.9\tex\generic\pgf\systemlayer\pgfsyssoftpath.
code.tex"
File: pgfsyssoftpath.code.tex 2008/07/18  (rcs-revision 1.7)
\pgfsyssoftpath@smallbuffer@items=\count109
\pgfsyssoftpath@bigbuffer@items=\count110
)
("C:\Program Files (x86)\MiKTeX 2.9\tex\generic\pgf\systemlayer\pgfsysprotocol.
code.tex"
File: pgfsysprotocol.code.tex 2006/10/16  (rcs-revision 1.4)
))
("C:\Program Files (x86)\MiKTeX 2.9\tex\generic\pgf\basiclayer\pgfcore.code.tex
"
Package: pgfcore 2010/04/11 v2.10 (rcs-revision 1.7)
 ("C:\Program Files (x86)\MiKTeX 2.9\tex\generic\pgf\math\pgfmath.code.tex"
("C:\Program Files (x86)\MiKTeX 2.9\tex\generic\pgf\math\pgfmathcalc.code.tex"
("C:\Program Files (x86)\MiKTeX 2.9\tex\generic\pgf\math\pgfmathutil.code.tex")
("C:\Program Files (x86)\MiKTeX 2.9\tex\generic\pgf\math\pgfmathparser.code.tex
"
\pgfmath@dimen=\dimen126
\pgfmath@count=\count111
\pgfmath@box=\box27
\pgfmath@toks=\toks28
\pgfmath@stack@operand=\toks29
\pgfmath@stack@operation=\toks30
)
("C:\Program Files (x86)\MiKTeX 2.9\tex\generic\pgf\math\pgfmathfunctions.code.
tex"
("C:\Program Files (x86)\MiKTeX 2.9\tex\generic\pgf\math\pgfmathfunctions.basic
.code.tex")
("C:\Program Files (x86)\MiKTeX 2.9\tex\generic\pgf\math\pgfmathfunctions.trigo
nometric.code.tex")
("C:\Program Files (x86)\MiKTeX 2.9\tex\generic\pgf\math\pgfmathfunctions.rando
m.code.tex")
("C:\Program Files (x86)\MiKTeX 2.9\tex\generic\pgf\math\pgfmathfunctions.compa
rison.code.tex")
("C:\Program Files (x86)\MiKTeX 2.9\tex\generic\pgf\math\pgfmathfunctions.base.
code.tex")
("C:\Program Files (x86)\MiKTeX 2.9\tex\generic\pgf\math\pgfmathfunctions.round
.code.tex")
("C:\Program Files (x86)\MiKTeX 2.9\tex\generic\pgf\math\pgfmathfunctions.misc.
code.tex")))
("C:\Program Files (x86)\MiKTeX 2.9\tex\generic\pgf\math\pgfmathfloat.code.tex"
\c@pgfmathroundto@lastzeros=\count112
))
("C:\Program Files (x86)\MiKTeX 2.9\tex\generic\pgf\basiclayer\pgfcorepoints.co
de.tex"
File: pgfcorepoints.code.tex 2010/04/09  (rcs-revision 1.20)
\pgf@picminx=\dimen127
\pgf@picmaxx=\dimen128
\pgf@picminy=\dimen129
\pgf@picmaxy=\dimen130
\pgf@pathminx=\dimen131
\pgf@pathmaxx=\dimen132
\pgf@pathminy=\dimen133
\pgf@pathmaxy=\dimen134
\pgf@xx=\dimen135
\pgf@xy=\dimen136
\pgf@yx=\dimen137
\pgf@yy=\dimen138
\pgf@zx=\dimen139
\pgf@zy=\dimen140
)
("C:\Program Files (x86)\MiKTeX 2.9\tex\generic\pgf\basiclayer\pgfcorepathconst
ruct.code.tex"
File: pgfcorepathconstruct.code.tex 2010/08/03  (rcs-revision 1.24)
\pgf@path@lastx=\dimen141
\pgf@path@lasty=\dimen142
)
("C:\Program Files (x86)\MiKTeX 2.9\tex\generic\pgf\basiclayer\pgfcorepathusage
.code.tex"
File: pgfcorepathusage.code.tex 2008/04/22  (rcs-revision 1.12)
\pgf@shorten@end@additional=\dimen143
\pgf@shorten@start@additional=\dimen144
)
("C:\Program Files (x86)\MiKTeX 2.9\tex\generic\pgf\basiclayer\pgfcorescopes.co
de.tex"
File: pgfcorescopes.code.tex 2010/09/08  (rcs-revision 1.34)
\pgfpic=\box28
\pgf@hbox=\box29
\pgf@layerbox@main=\box30
\pgf@picture@serial@count=\count113
)
("C:\Program Files (x86)\MiKTeX 2.9\tex\generic\pgf\basiclayer\pgfcoregraphicst
ate.code.tex"
File: pgfcoregraphicstate.code.tex 2008/04/22  (rcs-revision 1.9)
\pgflinewidth=\dimen145
)
("C:\Program Files (x86)\MiKTeX 2.9\tex\generic\pgf\basiclayer\pgfcoretransform
ations.code.tex"
File: pgfcoretransformations.code.tex 2009/06/10  (rcs-revision 1.11)
\pgf@pt@x=\dimen146
\pgf@pt@y=\dimen147
\pgf@pt@temp=\dimen148
)
("C:\Program Files (x86)\MiKTeX 2.9\tex\generic\pgf\basiclayer\pgfcorequick.cod
e.tex"
File: pgfcorequick.code.tex 2008/10/09  (rcs-revision 1.3)
)
("C:\Program Files (x86)\MiKTeX 2.9\tex\generic\pgf\basiclayer\pgfcoreobjects.c
ode.tex"
File: pgfcoreobjects.code.tex 2006/10/11  (rcs-revision 1.2)
)
("C:\Program Files (x86)\MiKTeX 2.9\tex\generic\pgf\basiclayer\pgfcorepathproce
ssing.code.tex"
File: pgfcorepathprocessing.code.tex 2008/10/09  (rcs-revision 1.8)
)
("C:\Program Files (x86)\MiKTeX 2.9\tex\generic\pgf\basiclayer\pgfcorearrows.co
de.tex"
File: pgfcorearrows.code.tex 2008/04/23  (rcs-revision 1.11)
)
("C:\Program Files (x86)\MiKTeX 2.9\tex\generic\pgf\basiclayer\pgfcoreshade.cod
e.tex"
File: pgfcoreshade.code.tex 2008/11/23  (rcs-revision 1.13)
\pgf@max=\dimen149
\pgf@sys@shading@range@num=\count114
)
("C:\Program Files (x86)\MiKTeX 2.9\tex\generic\pgf\basiclayer\pgfcoreimage.cod
e.tex"
File: pgfcoreimage.code.tex 2010/03/25  (rcs-revision 1.16)

("C:\Program Files (x86)\MiKTeX 2.9\tex\generic\pgf\basiclayer\pgfcoreexternal.
code.tex"
File: pgfcoreexternal.code.tex 2010/09/01  (rcs-revision 1.17)
\pgfexternal@startupbox=\box31
))
("C:\Program Files (x86)\MiKTeX 2.9\tex\generic\pgf\basiclayer\pgfcorelayers.co
de.tex"
File: pgfcorelayers.code.tex 2010/08/27  (rcs-revision 1.2)
)
("C:\Program Files (x86)\MiKTeX 2.9\tex\generic\pgf\basiclayer\pgfcoretranspare
ncy.code.tex"
File: pgfcoretransparency.code.tex 2008/01/17  (rcs-revision 1.2)
)
("C:\Program Files (x86)\MiKTeX 2.9\tex\generic\pgf\basiclayer\pgfcorepatterns.
code.tex"
File: pgfcorepatterns.code.tex 2009/07/02  (rcs-revision 1.3)
)))
("C:\Program Files (x86)\MiKTeX 2.9\tex\generic\pgf\modules\pgfmoduleshapes.cod
e.tex"
File: pgfmoduleshapes.code.tex 2010/09/09  (rcs-revision 1.13)
\pgfnodeparttextbox=\box32
)
("C:\Program Files (x86)\MiKTeX 2.9\tex\generic\pgf\modules\pgfmoduleplot.code.
tex"
File: pgfmoduleplot.code.tex 2010/10/22  (rcs-revision 1.8)
)
("C:\Program Files (x86)\MiKTeX 2.9\tex\latex\pgf\compatibility\pgfcomp-version
-0-65.sty"
Package: pgfcomp-version-0-65 2007/07/03 v2.10 (rcs-revision 1.7)
\pgf@nodesepstart=\dimen150
\pgf@nodesepend=\dimen151
)
("C:\Program Files (x86)\MiKTeX 2.9\tex\latex\pgf\compatibility\pgfcomp-version
-1-18.sty"
Package: pgfcomp-version-1-18 2007/07/23 v2.10 (rcs-revision 1.1)
))
("C:\Program Files (x86)\MiKTeX 2.9\tex\latex\pgf\utilities\pgffor.sty"
("C:\Program Files (x86)\MiKTeX 2.9\tex\latex\pgf\utilities\pgfkeys.sty"
("C:\Program Files (x86)\MiKTeX 2.9\tex\generic\pgf\utilities\pgfkeys.code.tex"
)) ("C:\Program Files (x86)\MiKTeX 2.9\tex\generic\pgf\utilities\pgffor.code.te
x"
Package: pgffor 2010/03/23 v2.10 (rcs-revision 1.18)
\pgffor@iter=\dimen152
\pgffor@skip=\dimen153
\pgffor@stack=\toks31
\pgffor@toks=\toks32
))
("C:\Program Files (x86)\MiKTeX 2.9\tex\generic\pgf\frontendlayer\tikz\tikz.cod
e.tex"
Package: tikz 2010/10/13 v2.10 (rcs-revision 1.76)

("C:\Program Files (x86)\MiKTeX 2.9\tex\generic\pgf\libraries\pgflibraryplothan
dlers.code.tex"
File: pgflibraryplothandlers.code.tex 2010/05/31 v2.10 (rcs-revision 1.15)
\pgf@plot@mark@count=\count115
\pgfplotmarksize=\dimen154
)
\tikz@lastx=\dimen155
\tikz@lasty=\dimen156
\tikz@lastxsaved=\dimen157
\tikz@lastysaved=\dimen158
\tikzleveldistance=\dimen159
\tikzsiblingdistance=\dimen160
\tikz@figbox=\box33
\tikz@tempbox=\box34
\tikztreelevel=\count116
\tikznumberofchildren=\count117
\tikznumberofcurrentchild=\count118
\tikz@fig@count=\count119

("C:\Program Files (x86)\MiKTeX 2.9\tex\generic\pgf\modules\pgfmodulematrix.cod
e.tex"
File: pgfmodulematrix.code.tex 2010/08/24  (rcs-revision 1.4)
\pgfmatrixcurrentrow=\count120
\pgfmatrixcurrentcolumn=\count121
\pgf@matrix@numberofcolumns=\count122
)
\tikz@expandcount=\count123

("C:\Program Files (x86)\MiKTeX 2.9\tex\generic\pgf\frontendlayer\tikz\librarie
s\tikzlibrarytopaths.code.tex"
File: tikzlibrarytopaths.code.tex 2008/06/17 v2.10 (rcs-revision 1.2)
)))
("C:\Program Files (x86)\MiKTeX 2.9\tex\generic\pgf\frontendlayer\tikz\librarie
s\tikzlibrarypositioning.code.tex"
File: tikzlibrarypositioning.code.tex 2008/10/06 v2.10 (rcs-revision 1.7)
)
("C:\Program Files (x86)\MiKTeX 2.9\tex\latex\tools\calc.sty"
Package: calc 2007/08/22 v4.3 Infix arithmetic (KKT,FJ)
\calc@Acount=\count124
\calc@Bcount=\count125
\calc@Adimen=\dimen161
\calc@Bdimen=\dimen162
\calc@Askip=\skip46
\calc@Bskip=\skip47
LaTeX Info: Redefining \setlength on input line 76.
LaTeX Info: Redefining \addtolength on input line 77.
\calc@Ccount=\count126
\calc@Cskip=\skip48
)
\c@@todonotes@numberoftodonotes=\count127
)
("C:\Program Files (x86)\MiKTeX 2.9\tex\latex\amsmath\amsmath.sty"
Package: amsmath 2013/01/14 v2.14 AMS math features
\@mathmargin=\skip49

For additional information on amsmath, use the `?' option.
("C:\Program Files (x86)\MiKTeX 2.9\tex\latex\amsmath\amstext.sty"
Package: amstext 2000/06/29 v2.01

("C:\Program Files (x86)\MiKTeX 2.9\tex\latex\amsmath\amsgen.sty"
File: amsgen.sty 1999/11/30 v2.0
\@emptytoks=\toks33
\ex@=\dimen163
))
("C:\Program Files (x86)\MiKTeX 2.9\tex\latex\amsmath\amsbsy.sty"
Package: amsbsy 1999/11/29 v1.2d
\pmbraise@=\dimen164
)
("C:\Program Files (x86)\MiKTeX 2.9\tex\latex\amsmath\amsopn.sty"
Package: amsopn 1999/12/14 v2.01 operator names
)
\inf@bad=\count128
LaTeX Info: Redefining \frac on input line 210.
\uproot@=\count129
\leftroot@=\count130
LaTeX Info: Redefining \overline on input line 306.
\classnum@=\count131
\DOTSCASE@=\count132
LaTeX Info: Redefining \ldots on input line 378.
LaTeX Info: Redefining \dots on input line 381.
LaTeX Info: Redefining \cdots on input line 466.
\Mathstrutbox@=\box35
\strutbox@=\box36
\big@size=\dimen165
LaTeX Font Info:    Redeclaring font encoding OML on input line 566.
LaTeX Font Info:    Redeclaring font encoding OMS on input line 567.
\macc@depth=\count133
\c@MaxMatrixCols=\count134
\dotsspace@=\muskip11
\c@parentequation=\count135
\dspbrk@lvl=\count136
\tag@help=\toks34
\row@=\count137
\column@=\count138
\maxfields@=\count139
\andhelp@=\toks35
\eqnshift@=\dimen166
\alignsep@=\dimen167
\tagshift@=\dimen168
\tagwidth@=\dimen169
\totwidth@=\dimen170
\lineht@=\dimen171
\@envbody=\toks36
\multlinegap=\skip50
\multlinetaggap=\skip51
\mathdisplay@stack=\toks37
LaTeX Info: Redefining \[ on input line 2665.
LaTeX Info: Redefining \] on input line 2666.
)
("C:\Program Files (x86)\MiKTeX 2.9\tex\latex\amscls\amsthm.sty"
Package: amsthm 2004/08/06 v2.20
\thm@style=\toks38
\thm@bodyfont=\toks39
\thm@headfont=\toks40
\thm@notefont=\toks41
\thm@headpunct=\toks42
\thm@preskip=\skip52
\thm@postskip=\skip53
\thm@headsep=\skip54
\dth@everypar=\toks43
)
("C:\Program Files (x86)\MiKTeX 2.9\tex\latex\mh\mathtools.sty"
Package: mathtools 2013/02/12 v1.13 mathematical typesetting tools

("C:\Program Files (x86)\MiKTeX 2.9\tex\latex\mh\mhsetup.sty"
Package: mhsetup 2010/01/21 v1.2a programming setup (MH)
)
LaTeX Info: Thecontrolsequence`\['isalreadyrobust on input line 129.
LaTeX Info: Thecontrolsequence`\]'isalreadyrobust on input line 129.
\g_MT_multlinerow_int=\count140
\l_MT_multwidth_dim=\dimen172
\origjot=\skip55
\l_MT_shortvdotswithinadjustabove_dim=\dimen173
\l_MT_shortvdotswithinadjustbelow_dim=\dimen174
\l_MT_above_intertext_sep=\dimen175
\l_MT_below_intertext_sep=\dimen176
\l_MT_above_shortintertext_sep=\dimen177
\l_MT_below_shortintertext_sep=\dimen178
)
("C:\Program Files (x86)\MiKTeX 2.9\tex\latex\setspace\setspace.sty"
Package: setspace 2011/12/19 v6.7a set line spacing
)
("C:\Program Files (x86)\MiKTeX 2.9\tex\latex\bbm\bbm.sty"
Package: bbm 1999/03/15 V 1.2 provides fonts for set symbols - TH
LaTeX Font Info:    Overwriting math alphabet `\mathbbm' in version `bold'
(Font)                  U/bbm/m/n --> U/bbm/bx/n on input line 33.
LaTeX Font Info:    Overwriting math alphabet `\mathbbmss' in version `bold'
(Font)                  U/bbmss/m/n --> U/bbmss/bx/n on input line 35.
)
("C:\Program Files (x86)\MiKTeX 2.9\tex\latex\ulem\ulem.sty"
\UL@box=\box37
\UL@hyphenbox=\box38
\UL@skip=\skip56
\UL@hook=\toks44
\UL@height=\dimen179
\UL@pe=\count141
\UL@pixel=\dimen180
\ULC@box=\box39
Package: ulem 2012/05/18
\ULdepth=\dimen181
)
("C:\Program Files (x86)\MiKTeX 2.9\tex\latex\appendix\appendix.sty"
Package: appendix 2009/09/02 v1.2b extra appendix facilities
\c@@pps=\count142
\c@@ppsavesec=\count143
\c@@ppsaveapp=\count144
)
("C:\Program Files (x86)\MiKTeX 2.9\tex\latex\tocbibind\tocbibind.sty"
Package: tocbibind 2010/10/13 v1.5k extra ToC listings
Package tocbibind Info: The document has section divisions on input line 50.


Package tocbibind Note: Using section or other style headings.

)
("C:\Program Files (x86)\MiKTeX 2.9\tex\generic\pgf\frontendlayer\tikz\librarie
s\tikzlibraryshapes.code.tex"
File: tikzlibraryshapes.code.tex 2008/01/09 v2.10 (rcs-revision 1.1)

("C:\Program Files (x86)\MiKTeX 2.9\tex\generic\pgf\frontendlayer\tikz\librarie
s\tikzlibraryshapes.geometric.code.tex"
File: tikzlibraryshapes.geometric.code.tex 2008/01/09 v2.10 (rcs-revision 1.1)

("C:\Program Files (x86)\MiKTeX 2.9\tex\generic\pgf\libraries\shapes\pgflibrary
shapes.geometric.code.tex"
File: pgflibraryshapes.geometric.code.tex 2008/06/26 v2.10 (rcs-revision 1.1)
))
("C:\Program Files (x86)\MiKTeX 2.9\tex\generic\pgf\frontendlayer\tikz\librarie
s\tikzlibraryshapes.misc.code.tex"
File: tikzlibraryshapes.misc.code.tex 2008/01/09 v2.10 (rcs-revision 1.1)

("C:\Program Files (x86)\MiKTeX 2.9\tex\generic\pgf\libraries\shapes\pgflibrary
shapes.misc.code.tex"
File: pgflibraryshapes.misc.code.tex 2008/10/07 v2.10 (rcs-revision 1.3)
))
("C:\Program Files (x86)\MiKTeX 2.9\tex\generic\pgf\frontendlayer\tikz\librarie
s\tikzlibraryshapes.symbols.code.tex"
File: tikzlibraryshapes.symbols.code.tex 2008/01/09 v2.10 (rcs-revision 1.1)

("C:\Program Files (x86)\MiKTeX 2.9\tex\generic\pgf\libraries\shapes\pgflibrary
shapes.symbols.code.tex"
File: pgflibraryshapes.symbols.code.tex 2009/10/27 v2.10 (rcs-revision 1.3)
))
("C:\Program Files (x86)\MiKTeX 2.9\tex\generic\pgf\frontendlayer\tikz\librarie
s\tikzlibraryshapes.arrows.code.tex"
File: tikzlibraryshapes.arrows.code.tex 2008/01/09 v2.10 (rcs-revision 1.1)

("C:\Program Files (x86)\MiKTeX 2.9\tex\generic\pgf\libraries\shapes\pgflibrary
shapes.arrows.code.tex"
File: pgflibraryshapes.arrows.code.tex 2008/06/26 v2.10 (rcs-revision 1.1)
))
("C:\Program Files (x86)\MiKTeX 2.9\tex\generic\pgf\frontendlayer\tikz\librarie
s\tikzlibraryshapes.callouts.code.tex"
("C:\Program Files (x86)\MiKTeX 2.9\tex\generic\pgf\libraries\shapes\pgflibrary
shapes.callouts.code.tex"))
("C:\Program Files (x86)\MiKTeX 2.9\tex\generic\pgf\frontendlayer\tikz\librarie
s\tikzlibraryshapes.multipart.code.tex"
File: tikzlibraryshapes.multipart.code.tex 2008/01/09 v2.10 (rcs-revision 1.1)

("C:\Program Files (x86)\MiKTeX 2.9\tex\generic\pgf\libraries\shapes\pgflibrary
shapes.multipart.code.tex"
File: pgflibraryshapes.multipart.code.tex 2010/01/07 v2.10 (rcs-revision 1.2)
\pgfnodepartlowerbox=\box40
\pgfnodeparttwobox=\box41
\pgfnodepartthreebox=\box42
\pgfnodepartfourbox=\box43
\pgfnodeparttwentybox=\box44
\pgfnodepartnineteenbox=\box45
\pgfnodeparteighteenbox=\box46
\pgfnodepartseventeenbox=\box47
\pgfnodepartsixteenbox=\box48
\pgfnodepartfifteenbox=\box49
\pgfnodepartfourteenbox=\box50
\pgfnodepartthirteenbox=\box51
\pgfnodeparttwelvebox=\box52
\pgfnodepartelevenbox=\box53
\pgfnodeparttenbox=\box54
\pgfnodepartninebox=\box55
\pgfnodeparteightbox=\box56
\pgfnodepartsevenbox=\box57
\pgfnodepartsixbox=\box58
\pgfnodepartfivebox=\box59
)))
("C:\Program Files (x86)\MiKTeX 2.9\tex\generic\pgf\frontendlayer\tikz\librarie
s\tikzlibraryarrows.code.tex"
File: tikzlibraryarrows.code.tex 2008/01/09 v2.10 (rcs-revision 1.1)

("C:\Program Files (x86)\MiKTeX 2.9\tex\generic\pgf\libraries\pgflibraryarrows.
code.tex"
File: pgflibraryarrows.code.tex 2008/10/27 v2.10 (rcs-revision 1.9)
\arrowsize=\dimen182
))
("C:\Program Files (x86)\MiKTeX 2.9\tex\generic\pgf\frontendlayer\tikz\librarie
s\tikzlibraryfit.code.tex"
File: tikzlibraryfit.code.tex 2008/06/21 v2.10 (rcs-revision 1.3)
)
("C:\Program Files (x86)\MiKTeX 2.9\tex\latex\enumitem\enumitem.sty"
Package: enumitem 2011/09/28 v3.5.2 Customized lists
\labelindent=\skip57
\enit@outerparindent=\dimen183
\enit@toks=\toks45
\enit@inbox=\box60
\enitdp@description=\count145
)
("C:\Program Files (x86)\MiKTeX 2.9\tex\latex\multirow\multirow.sty"
\bigstrutjot=\dimen184
)
("C:\Program Files (x86)\MiKTeX 2.9\tex\latex\algorithms\algorithm.sty"
Package: algorithm 2009/08/24 v0.1 Document Style `algorithm' - floating enviro
nment

("C:\Program Files (x86)\MiKTeX 2.9\tex\latex\float\float.sty"
Package: float 2001/11/08 v1.3d Float enhancements (AL)
\c@float@type=\count146
\float@exts=\toks46
\float@box=\box61
\@float@everytoks=\toks47
\@floatcapt=\box62
)
\@float@every@algorithm=\toks48
\c@algorithm=\count147
)
("C:\Program Files (x86)\MiKTeX 2.9\tex\latex\algorithms\algorithmic.sty"
Package: algorithmic 2009/08/24 v0.1 Document Style `algorithmic'
\c@ALC@unique=\count148
\c@ALC@line=\count149
\c@ALC@rem=\count150
\c@ALC@depth=\count151
\ALC@tlm=\skip58
\algorithmicindent=\skip59
)
("C:\Program Files (x86)\MiKTeX 2.9\tex\latex\tools\afterpage.sty"
Package: afterpage 1995/10/27 v1.08 After-Page Package (DPC)
\AP@output=\toks49
\AP@partial=\box63
\AP@footins=\box64
)
("C:\Program Files (x86)\MiKTeX 2.9\tex\latex\tools\longtable.sty"
Package: longtable 2004/02/01 v4.11 Multi-page Table package (DPC)
\LTleft=\skip60
\LTright=\skip61
\LTpre=\skip62
\LTpost=\skip63
\LTchunksize=\count152
\LTcapwidth=\dimen185
\LT@head=\box65
\LT@firsthead=\box66
\LT@foot=\box67
\LT@lastfoot=\box68
\LT@cols=\count153
\LT@rows=\count154
\c@LT@tables=\count155
\c@LT@chunks=\count156
\LT@p@ftn=\toks50
)
("C:\Program Files (x86)\MiKTeX 2.9\tex\latex\rotating\rotating.sty"
Package: rotating 2009/03/28 v2.16a rotated objects in LaTeX
\c@r@tfl@t=\count157
\rotFPtop=\skip64
\rotFPbot=\skip65
\rot@float@box=\box69
\rot@mess@toks=\toks51
)
("C:\Program Files (x86)\MiKTeX 2.9\tex\latex\caption\caption.sty"
Package: caption 2013/02/03 v3.3-65 Customizing captions (AR)

("C:\Program Files (x86)\MiKTeX 2.9\tex\latex\caption\caption3.sty"
Package: caption3 2013/02/03 v1.5-62 caption3 kernel (AR)
\captionmargin=\dimen186
\captionmargin@=\dimen187
\captionwidth=\dimen188
\caption@tempdima=\dimen189
\caption@indent=\dimen190
\caption@parindent=\dimen191
\caption@hangindent=\dimen192
)
\c@ContinuedFloat=\count158
Package caption Info: float package is loaded.
Package caption Info: hyperref package is loaded.
Package caption Info: longtable package is loaded.

("C:\Program Files (x86)\MiKTeX 2.9\tex\latex\caption\ltcaption.sty"
Package: ltcaption 2013/02/03 v1.3-62 longtable captions (AR)
)
Package caption Info: rotating package is loaded.
)
("C:\Program Files (x86)\MiKTeX 2.9\tex\latex\caption\subcaption.sty"
Package: subcaption 2013/02/03 v1.1-62 Sub-captions (AR)
\c@subfigure=\count159
\c@subtable=\count160
)
\myindent=\skip66

("C:\Program Files (x86)\MiKTeX 2.9\tex\latex\listings\listings.sty"
\lst@mode=\count161
\lst@gtempboxa=\box70
\lst@token=\toks52
\lst@length=\count162
\lst@currlwidth=\dimen193
\lst@column=\count163
\lst@pos=\count164
\lst@lostspace=\dimen194
\lst@width=\dimen195
\lst@newlines=\count165
\lst@lineno=\count166
\lst@maxwidth=\dimen196

("C:\Program Files (x86)\MiKTeX 2.9\tex\latex\listings\lstmisc.sty"
File: lstmisc.sty 2007/02/22 1.4 (Carsten Heinz)
\c@lstnumber=\count167
\lst@skipnumbers=\count168
\lst@framebox=\box71
)
("C:\Program Files (x86)\MiKTeX 2.9\tex\latex\listings\listings.cfg"
File: listings.cfg 2007/02/22 1.4 listings configuration
))
Package: listings 2007/02/22 1.4 (Carsten Heinz)

("C:\Program Files (x86)\MiKTeX 2.9\tex\latex\mdframed\mdframed.sty"
Package: mdframed 2013/03/09\ 1.8: mdframed

("C:\Program Files (x86)\MiKTeX 2.9\tex\latex\l3packages\xparse\xparse.sty"
("C:\Program Files (x86)\MiKTeX 2.9\tex\latex\l3kernel\expl3.sty"
("C:\Program Files (x86)\MiKTeX 2.9\tex\latex\l3kernel\l3names.sty"
("C:\Program Files (x86)\MiKTeX 2.9\tex\latex\l3kernel\l3bootstrap.sty"
Package: l3bootstrap 2012/07/16 v3991 L3 Experimental bootstrap code
)
Package: l3names 2012/12/07 v4346 L3 Namespace for primitives
)
("C:\Program Files (x86)\MiKTeX 2.9\tex\latex\misc\etex.sty"
Package: etex 1998/03/26 v2.0 eTeX basic definition package (PEB)
\et@xins=\count169
)
Package: expl3 2012/12/21 v4390 L3 Experimental code bundle wrapper

("C:\Program Files (x86)\MiKTeX 2.9\tex\latex\l3kernel\l3basics.sty"
Package: l3basics 2012/11/24 v4339 L3 Basic definitions
)
("C:\Program Files (x86)\MiKTeX 2.9\tex\latex\l3kernel\l3expan.sty"
Package: l3expan 2012/08/28 v4149 L3 Argument expansion
)
("C:\Program Files (x86)\MiKTeX 2.9\tex\latex\l3kernel\l3tl.sty"
Package: l3tl 2012/11/24 v4339 L3 Token lists
)
("C:\Program Files (x86)\MiKTeX 2.9\tex\latex\l3kernel\l3seq.sty"
Package: l3seq 2012/11/24 v4339 L3 Sequences and stacks
)
("C:\Program Files (x86)\MiKTeX 2.9\tex\latex\l3kernel\l3int.sty"
Package: l3int 2012/09/26 v4237 L3 Integers
\c_max_int=\count170
\l_tmpa_int=\count171
\l_tmpb_int=\count172
\g_tmpa_int=\count173
\g_tmpb_int=\count174
\l_tmpc_int=\count175
)
("C:\Program Files (x86)\MiKTeX 2.9\tex\latex\l3kernel\l3quark.sty"
Package: l3quark 2012/11/04 v4268 L3 Quarks
)
("C:\Program Files (x86)\MiKTeX 2.9\tex\latex\l3kernel\l3prg.sty"
Package: l3prg 2012/11/24 v4339 L3 Control structures
\g__prg_map_int=\count176
)
("C:\Program Files (x86)\MiKTeX 2.9\tex\latex\l3kernel\l3clist.sty"
Package: l3clist 2012/11/24 v4339 L3 Comma separated lists
)
("C:\Program Files (x86)\MiKTeX 2.9\tex\latex\l3kernel\l3token.sty"
Package: l3token 2012/12/20 v4384 L3 Experimental token manipulation
)
("C:\Program Files (x86)\MiKTeX 2.9\tex\latex\l3kernel\l3prop.sty"
Package: l3prop 2012/09/09 v4212 L3 Property lists
)
("C:\Program Files (x86)\MiKTeX 2.9\tex\latex\l3kernel\l3msg.sty"
Package: l3msg 2012/09/09 v4212 L3 Messages
)
("C:\Program Files (x86)\MiKTeX 2.9\tex\latex\l3kernel\l3file.sty"
Package: l3file 2012/12/20 v4377 L3 File and I/O operations
\l__ior_stream_int=\count177
\l_iow_line_count_int=\count178
\l__iow_target_count_int=\count179
\l__iow_current_line_int=\count180
\l__iow_current_word_int=\count181
\l__iow_current_indentation_int=\count182
)
("C:\Program Files (x86)\MiKTeX 2.9\tex\latex\l3kernel\l3skip.sty"
Package: l3skip 2012/11/04 v4260 L3 Dimensions and skips
\c_zero_dim=\dimen197
\c_max_dim=\dimen198
\l_tmpa_dim=\dimen199
\l_tmpb_dim=\dimen200
\g_tmpa_dim=\dimen201
Normal \dimen register pool exhausted, switching to extended pool.
\g_tmpb_dim=\dimen256
\c_zero_skip=\skip67
\c_max_skip=\skip68
\l_tmpa_skip=\skip69
\l_tmpb_skip=\skip70
\g_tmpa_skip=\skip71
\g_tmpb_skip=\skip72
\c_zero_muskip=\muskip12
\c_max_muskip=\muskip13
\l_tmpa_muskip=\muskip14
\l_tmpb_muskip=\muskip15
\g_tmpa_muskip=\muskip16
\g_tmpb_muskip=\muskip17
)
("C:\Program Files (x86)\MiKTeX 2.9\tex\latex\l3kernel\l3keys.sty"
Package: l3keys 2012/11/02 v4256 L3 Experimental key-value interfaces
\g__keyval_level_int=\count183
\l_keys_choice_int=\count184
)
("C:\Program Files (x86)\MiKTeX 2.9\tex\latex\l3kernel\l3fp.sty"
Package: l3fp 2012/11/10 v4305 L3 Floating points
\c__fp_leading_shift_int=\count185
\c__fp_middle_shift_int=\count186
\c__fp_trailing_shift_int=\count187
\c__fp_big_leading_shift_int=\count188
\c__fp_big_middle_shift_int=\count189
\c__fp_big_trailing_shift_int=\count190
\c__fp_Bigg_leading_shift_int=\count191
\c__fp_Bigg_middle_shift_int=\count192
\c__fp_Bigg_trailing_shift_int=\count193
)
("C:\Program Files (x86)\MiKTeX 2.9\tex\latex\l3kernel\l3box.sty"
Package: l3box 2012/12/08 v4347 L3 Experimental boxes
\c_empty_box=\box72
\l_tmpa_box=\box73
\l_tmpb_box=\box74
\g_tmpa_box=\box75
\g_tmpb_box=\box76
)
("C:\Program Files (x86)\MiKTeX 2.9\tex\latex\l3kernel\l3coffins.sty"
Package: l3coffins 2012/09/09 v4212 L3 Coffin code layer
\l__coffin_internal_box=\box77
\l__coffin_internal_dim=\dimen257
\l__coffin_offset_x_dim=\dimen258
\l__coffin_offset_y_dim=\dimen259
\l__coffin_x_dim=\dimen260
\l__coffin_y_dim=\dimen261
\l__coffin_x_prime_dim=\dimen262
\l__coffin_y_prime_dim=\dimen263
\c_empty_coffin=\box78
\l__coffin_aligned_coffin=\box79
\l__coffin_aligned_internal_coffin=\box80
\l_tmpa_coffin=\box81
\l_tmpb_coffin=\box82
\l__coffin_display_coffin=\box83
\l__coffin_display_coord_coffin=\box84
\l__coffin_display_pole_coffin=\box85
\l__coffin_display_offset_dim=\dimen264
\l__coffin_display_x_dim=\dimen265
\l__coffin_display_y_dim=\dimen266
)
("C:\Program Files (x86)\MiKTeX 2.9\tex\latex\l3kernel\l3color.sty"
Package: l3color 2012/08/29 v4156 L3 Experimental color support
)
("C:\Program Files (x86)\MiKTeX 2.9\tex\latex\l3kernel\l3luatex.sty"
Package: l3luatex 2012/08/03 v4049 L3 Experimental LuaTeX-specific functions
\g__cctab_allocate_int=\count194
\g__cctab_stack_int=\count195
)
("C:\Program Files (x86)\MiKTeX 2.9\tex\latex\l3kernel\l3candidates.sty"
Package: l3candidates 2012/12/20 v4383 L3 Experimental additions to l3kernel
\l__box_top_dim=\dimen267
\l__box_bottom_dim=\dimen268
\l__box_left_dim=\dimen269
\l__box_right_dim=\dimen270
\l__box_top_new_dim=\dimen271
\l__box_bottom_new_dim=\dimen272
\l__box_left_new_dim=\dimen273
\l__box_right_new_dim=\dimen274
\l__box_internal_box=\box86
\l__coffin_bounding_shift_dim=\dimen275
\l__coffin_left_corner_dim=\dimen276
\l__coffin_right_corner_dim=\dimen277
\l__coffin_bottom_corner_dim=\dimen278
\l__coffin_top_corner_dim=\dimen279
\l__coffin_scaled_total_height_dim=\dimen280
\l__coffin_scaled_width_dim=\dimen281
))
Package: xparse 2012/12/21 v4390 L3 Experimental document command parser
\l__xparse_current_arg_int=\count196
\l__xparse_m_args_int=\count197
\l__xparse_mandatory_args_int=\count198
\l__xparse_processor_int=\count199
\l__xparse_v_nesting_int=\count200
)
("C:\Program Files (x86)\MiKTeX 2.9\tex\latex\etoolbox\etoolbox.sty"
Package: etoolbox 2011/01/03 v2.1 e-TeX tools for LaTeX
\etb@tempcnta=\count201
)
("C:\Program Files (x86)\MiKTeX 2.9\tex\latex\oberdiek\zref-abspage.sty"
Package: zref-abspage 2012/04/04 v2.24 Module abspage for zref (HO)

("C:\Program Files (x86)\MiKTeX 2.9\tex\latex\oberdiek\zref-base.sty"
Package: zref-base 2012/04/04 v2.24 Module base for zref (HO)
Package zref Info: New property list: main on input line 759.
Package zref Info: New property: default on input line 760.
Package zref Info: New property: page on input line 761.
)
Normal \count register pool exhausted, switching to extended pool.
\c@abspage=\count277
Package zref Info: New property: abspage on input line 62.
)
\mdf@templength=\skip73
\c@mdf@globalstyle@cnt=\count278
\mdf@skipabove@length=\skip74
\mdf@skipbelow@length=\skip75
\mdf@leftmargin@length=\skip76
\mdf@rightmargin@length=\skip77
\mdf@innerleftmargin@length=\skip78
\mdf@innerrightmargin@length=\skip79
\mdf@innertopmargin@length=\skip80
\mdf@innerbottommargin@length=\skip81
\mdf@splittopskip@length=\skip82
\mdf@splitbottomskip@length=\skip83
\mdf@outermargin@length=\skip84
\mdf@innermargin@length=\skip85
\mdf@linewidth@length=\skip86
\mdf@innerlinewidth@length=\skip87
\mdf@middlelinewidth@length=\skip88
\mdf@outerlinewidth@length=\skip89
\mdf@roundcorner@length=\skip90
\mdf@footenotedistance@length=\skip91
\mdf@userdefinedwidth@length=\skip92
\mdf@frametitleaboveskip@length=\skip93
\mdf@frametitlebelowskip@length=\skip94
\mdf@frametitlerulewidth@length=\skip95
\mdf@frametitleleftmargin@length=\skip96
\mdf@frametitlerightmargin@length=\skip97
\mdf@shadowsize@length=\skip98
\mdf@extratopheight@length=\skip99
\mdf@subtitleabovelinewidth@length=\skip100
\mdf@subtitlebelowlinewidth@length=\skip101
\mdf@subtitleaboveskip@length=\skip102
\mdf@subtitlebelowskip@length=\skip103
\mdf@subtitleinneraboveskip@length=\skip104
\mdf@subtitleinnerbelowskip@length=\skip105
\mdf@subsubtitleabovelinewidth@length=\skip106
\mdf@subsubtitlebelowlinewidth@length=\skip107
\mdf@subsubtitleaboveskip@length=\skip108
\mdf@subsubtitlebelowskip@length=\skip109
\mdf@subsubtitleinneraboveskip@length=\skip110
\mdf@subsubtitleinnerbelowskip@length=\skip111
\mdf@frametitlebox=\box87
\mdf@footnotebox=\box88
\mdf@splitbox@one=\box89
\mdf@splitbox@two=\box90
\mdf@splitbox@save=\box91
\mdfsplitboxwidth=\skip112
\mdfsplitboxtotalwidth=\skip113
\mdfsplitboxheight=\skip114
\mdfsplitboxdepth=\skip115
\mdfsplitboxtotalheight=\skip116
\mdfframetitleboxwidth=\skip117
\mdfframetitleboxtotalwidth=\skip118
\mdfframetitleboxheight=\skip119
\mdfframetitleboxdepth=\skip120
\mdfframetitleboxtotalheight=\skip121
\mdffootnoteboxwidth=\skip122
\mdffootnoteboxtotalwidth=\skip123
\mdffootnoteboxheight=\skip124
\mdffootnoteboxdepth=\skip125
\mdffootnoteboxtotalheight=\skip126
\mdftotallinewidth=\skip127
\mdfboundingboxwidth=\skip128
\mdfboundingboxtotalwidth=\skip129
\mdfboundingboxheight=\skip130
\mdfboundingboxdepth=\skip131
\mdfboundingboxtotalheight=\skip132
\mdf@freevspace@length=\skip133
\mdf@horizontalwidthofbox@length=\skip134
\mdf@verticalmarginwhole@length=\skip135

****** mdframed patching \endmdf@trivlist

****** -- success******

.................................................
. LaTeX info: "xparse/define-command"
. 
. Defining document command \newmdtheoremenv with arg. spec. 'O{} m o m o ' on
. line 548.
.................................................
.................................................
. LaTeX info: "xparse/define-command"
. 
. Defining document command \mdtheorem with arg. spec. ' O{} m o m o ' on line
. 639.
.................................................

("C:\Program Files (x86)\MiKTeX 2.9\tex\latex\mdframed\md-frame-0.mdf"
File: md-frame-0.mdf 2013/03/09\ 1.8: md-frame-0
)
\mdf@envdepth=\count279
\c@mdf@env@i=\count280
\c@mdf@env@ii=\count281
\c@mdf@zref@counter=\count282
Package zref Info: New property: mdf@pagevalue on input line 840.
\mdf@horizontalspaceofbox=\skip136
)
("C:\Program Files (x86)\MiKTeX 2.9\tex\latex\oberdiek\epstopdf.sty"
Package: epstopdf 2010/02/09 v2.5 Conversion with epstopdf on the fly (HO)

("C:\Program Files (x86)\MiKTeX 2.9\tex\latex\oberdiek\epstopdf-base.sty"
Package: epstopdf-base 2010/02/09 v2.5 Base part for package epstopdf

("C:\Program Files (x86)\MiKTeX 2.9\tex\latex\oberdiek\grfext.sty"
Package: grfext 2010/08/19 v1.1 Manage graphics extensions (HO)
)
Package grfext Info: Graphics extension search list:
(grfext)             [.png,.pdf,.jpg,.mps,.jpeg,.jbig2,.jb2,.PNG,.PDF,.JPG,.JPE
G,.JBIG2,.JB2,.eps]
(grfext)             \AppendGraphicsExtensions on input line 452.
))
("C:\Program Files (x86)\MiKTeX 2.9\tex\latex\colortbl\colortbl.sty"
Package: colortbl 2012/02/13 v1.0a Color table columns (DPC)

("C:\Program Files (x86)\MiKTeX 2.9\tex\latex\tools\array.sty"
Package: array 2008/09/09 v2.4c Tabular extension package (FMi)
\col@sep=\dimen282
\extrarowheight=\dimen283
\NC@list=\toks53
\extratabsurround=\skip137
\backup@length=\skip138
)
\everycr=\toks54
\minrowclearance=\skip139
))
("C:\Users\ab507t\Dropbox\New Projects\Censored Posterior\PCP\results\NEW_combi
ned\Description\main.aux")
LaTeX Font Info:    Checking defaults for OML/cmm/m/it on input line 12.
LaTeX Font Info:    ... okay on input line 12.
LaTeX Font Info:    Checking defaults for T1/cmr/m/n on input line 12.
LaTeX Font Info:    ... okay on input line 12.
LaTeX Font Info:    Checking defaults for OT1/cmr/m/n on input line 12.
LaTeX Font Info:    ... okay on input line 12.
LaTeX Font Info:    Checking defaults for OMS/cmsy/m/n on input line 12.
LaTeX Font Info:    ... okay on input line 12.
LaTeX Font Info:    Checking defaults for OMX/cmex/m/n on input line 12.
LaTeX Font Info:    ... okay on input line 12.
LaTeX Font Info:    Checking defaults for U/cmr/m/n on input line 12.
LaTeX Font Info:    ... okay on input line 12.
LaTeX Font Info:    Checking defaults for PD1/pdf/m/n on input line 12.
LaTeX Font Info:    ... okay on input line 12.

("C:\Program Files (x86)\MiKTeX 2.9\tex\latex\ucs\ucsencs.def"
File: ucsencs.def 2011/01/21 Fixes to fontencodings LGR, T3
)
\AtBeginShipoutBox=\box92
Package hyperref Info: Link coloring OFF on input line 12.

("C:\Program Files (x86)\MiKTeX 2.9\tex\latex\hyperref\nameref.sty"
Package: nameref 2012/10/27 v2.43 Cross-referencing by name of section

("C:\Program Files (x86)\MiKTeX 2.9\tex\generic\oberdiek\gettitlestring.sty"
Package: gettitlestring 2010/12/03 v1.4 Cleanup title references (HO)
)
\c@section@level=\count283
)
LaTeX Info: Redefining \ref on input line 12.
LaTeX Info: Redefining \pageref on input line 12.
LaTeX Info: Redefining \nameref on input line 12.

("C:\Users\ab507t\Dropbox\New Projects\Censored Posterior\PCP\results\NEW_combi
ned\Description\main.out")
("C:\Users\ab507t\Dropbox\New Projects\Censored Posterior\PCP\results\NEW_combi
ned\Description\main.out")
\@outlinefile=\write4

*geometry* driver: auto-detecting
*geometry* detected driver: pdftex
*geometry* verbose mode - [ preamble ] result:
* driver: pdftex
* paper: a4paper
* layout: <same size as paper>
* layoutoffset:(h,v)=(0.0pt,0.0pt)
* modes: 
* h-part:(L,W,R)=(71.13188pt, 455.24411pt, 71.13188pt)
* v-part:(T,H,B)=(71.13188pt, 702.78308pt, 71.13188pt)
* \paperwidth=597.50787pt
* \paperheight=845.04684pt
* \textwidth=455.24411pt
* \textheight=702.78308pt
* \oddsidemargin=-1.1381pt
* \evensidemargin=-1.1381pt
* \topmargin=-38.1381pt
* \headheight=12.0pt
* \headsep=25.0pt
* \topskip=10.0pt
* \footskip=30.0pt
* \marginparwidth=57.0pt
* \marginparsep=11.0pt
* \columnsep=10.0pt
* \skip\footins=9.0pt plus 4.0pt minus 2.0pt
* \hoffset=0.0pt
* \voffset=0.0pt
* \mag=1000
* \@twocolumnfalse
* \@twosidefalse
* \@mparswitchfalse
* \@reversemarginfalse
* (1in=72.27pt=25.4mm, 1cm=28.453pt)

("C:\Program Files (x86)\MiKTeX 2.9\tex\context\base\supp-pdf.mkii"
[Loading MPS to PDF converter (version 2006.09.02).]
\scratchcounter=\count284
\scratchdimen=\dimen284
\scratchbox=\box93
\nofMPsegments=\count285
\nofMParguments=\count286
\everyMPshowfont=\toks55
\MPscratchCnt=\count287
\MPscratchDim=\dimen285
\MPnumerator=\count288
\makeMPintoPDFobject=\count289
\everyMPtoPDFconversion=\toks56
) ABD: EveryShipout initializing macros
Package caption Info: Begin \AtBeginDocument code.
Package caption Info: listings package is loaded.
Package caption Info: End \AtBeginDocument code.
\c@lstlisting=\count290
LaTeX Font Info:    Try loading font information for U+msa on input line 15.

("C:\Program Files (x86)\MiKTeX 2.9\tex\latex\amsfonts\umsa.fd"
File: umsa.fd 2013/01/14 v3.01 AMS symbols A
)
LaTeX Font Info:    Try loading font information for U+msb on input line 15.

("C:\Program Files (x86)\MiKTeX 2.9\tex\latex\amsfonts\umsb.fd"
File: umsb.fd 2013/01/14 v3.01 AMS symbols B
)
LaTeX Font Info:    Try loading font information for OMS+cmr on input line 20.

("C:\Program Files (x86)\MiKTeX 2.9\tex\latex\base\omscmr.fd"
File: omscmr.fd 1999/05/25 v2.5h Standard LaTeX font definitions
)
LaTeX Font Info:    Font shape `OMS/cmr/m/n' in size <10> not available
(Font)              Font shape `OMS/cmsy/m/n' tried instead on input line 20.

Overfull \hbox (17.96675pt too wide) in paragraph at lines 22--24
[]\OT1/cmr/m/n/10 For cell (i,j) the loss dif-fer-en-tials for DM statis-tics a
re cal-cu-lated as value[]of[]method[]i - value[]of[]method[]j
 []

[1

{C:/ProgramData/MiKTeX/2.9/pdftex/config/pdftex.map}]

Package hyperref Warning: Token not allowed in a PDF string (PDFDocEncoding):
(hyperref)                removing `math shift' on input line 83.


Package hyperref Warning: Token not allowed in a PDF string (PDFDocEncoding):
(hyperref)                removing `math shift' on input line 83.

Package epstopdf Info: Source file: <../figures_skt_iid/skewed_t_quant_lambda_0
-5.eps>
(epstopdf)                    date: 2019-03-17 21:15:30
(epstopdf)                    size: 80207 bytes
(epstopdf)             Output file: <../figures_skt_iid/skewed_t_quant_lambda_0
-5-eps-converted-to.pdf>
(epstopdf)                    date: 2019-03-17 21:17:56
(epstopdf)                    size: 40985 bytes
(epstopdf)             Command: <epstopdf --outfile=../figures_skt_iid/skewed_t
_quant_lambda_0-5-eps-converted-to.pdf ../figures_skt_iid/skewed_t_quant_lambda
_0-5.eps>
(epstopdf)             \includegraphics on input line 103.
Package epstopdf Info: Output file is already uptodate.

<../figures_skt_iid/skewed_t_quant_lambda_0-5-eps-converted-to.pdf, id=50, 346.
29375pt x 276.03125pt>
File: ../figures_skt_iid/skewed_t_quant_lambda_0-5-eps-converted-to.pdf Graphic
 file (type pdf)

<use ../figures_skt_iid/skewed_t_quant_lambda_0-5-eps-converted-to.pdf>
Package pdftex.def Info: ../figures_skt_iid/skewed_t_quant_lambda_0-5-eps-conve
rted-to.pdf used on input line 103.
(pdftex.def)             Requested size: 182.09486pt x 145.15022pt.
Package epstopdf Info: Source file: <../figures_skt_iid/skewed_t_quant_lambda_0
5.eps>
(epstopdf)                    date: 2019-03-17 21:15:35
(epstopdf)                    size: 80211 bytes
(epstopdf)             Output file: <../figures_skt_iid/skewed_t_quant_lambda_0
5-eps-converted-to.pdf>
(epstopdf)                    date: 2019-03-17 21:17:56
(epstopdf)                    size: 40920 bytes
(epstopdf)             Command: <epstopdf --outfile=../figures_skt_iid/skewed_t
_quant_lambda_05-eps-converted-to.pdf ../figures_skt_iid/skewed_t_quant_lambda_
05.eps>
(epstopdf)             \includegraphics on input line 104.
Package epstopdf Info: Output file is already uptodate.

<../figures_skt_iid/skewed_t_quant_lambda_05-eps-converted-to.pdf, id=51, 346.2
9375pt x 276.03125pt>
File: ../figures_skt_iid/skewed_t_quant_lambda_05-eps-converted-to.pdf Graphic 
file (type pdf)

<use ../figures_skt_iid/skewed_t_quant_lambda_05-eps-converted-to.pdf>
Package pdftex.def Info: ../figures_skt_iid/skewed_t_quant_lambda_05-eps-conver
ted-to.pdf used on input line 104.
(pdftex.def)             Requested size: 182.09486pt x 145.15022pt.
Package epstopdf Info: Source file: <../figures_skt_iid/skewed_t_quant_lambda_0
-3.eps>
(epstopdf)                    date: 2019-03-17 21:15:31
(epstopdf)                    size: 80233 bytes
(epstopdf)             Output file: <../figures_skt_iid/skewed_t_quant_lambda_0
-3-eps-converted-to.pdf>
(epstopdf)                    date: 2019-03-17 21:17:57
(epstopdf)                    size: 41300 bytes
(epstopdf)             Command: <epstopdf --outfile=../figures_skt_iid/skewed_t
_quant_lambda_0-3-eps-converted-to.pdf ../figures_skt_iid/skewed_t_quant_lambda
_0-3.eps>
(epstopdf)             \includegraphics on input line 110.
Package epstopdf Info: Output file is already uptodate.

<../figures_skt_iid/skewed_t_quant_lambda_0-3-eps-converted-to.pdf, id=52, 346.
29375pt x 276.03125pt>
File: ../figures_skt_iid/skewed_t_quant_lambda_0-3-eps-converted-to.pdf Graphic
 file (type pdf)

<use ../figures_skt_iid/skewed_t_quant_lambda_0-3-eps-converted-to.pdf>
Package pdftex.def Info: ../figures_skt_iid/skewed_t_quant_lambda_0-3-eps-conve
rted-to.pdf used on input line 110.
(pdftex.def)             Requested size: 182.09486pt x 145.15022pt.
Package epstopdf Info: Source file: <../figures_skt_iid/skewed_t_quant_lambda_0
3.eps>
(epstopdf)                    date: 2019-03-17 21:15:34
(epstopdf)                    size: 80233 bytes
(epstopdf)             Output file: <../figures_skt_iid/skewed_t_quant_lambda_0
3-eps-converted-to.pdf>
(epstopdf)                    date: 2019-03-17 21:17:57
(epstopdf)                    size: 41298 bytes
(epstopdf)             Command: <epstopdf --outfile=../figures_skt_iid/skewed_t
_quant_lambda_03-eps-converted-to.pdf ../figures_skt_iid/skewed_t_quant_lambda_
03.eps>
(epstopdf)             \includegraphics on input line 111.
Package epstopdf Info: Output file is already uptodate.

<../figures_skt_iid/skewed_t_quant_lambda_03-eps-converted-to.pdf, id=53, 346.2
9375pt x 276.03125pt>
File: ../figures_skt_iid/skewed_t_quant_lambda_03-eps-converted-to.pdf Graphic 
file (type pdf)

<use ../figures_skt_iid/skewed_t_quant_lambda_03-eps-converted-to.pdf>
Package pdftex.def Info: ../figures_skt_iid/skewed_t_quant_lambda_03-eps-conver
ted-to.pdf used on input line 111.
(pdftex.def)             Requested size: 182.09486pt x 145.15022pt.
Package epstopdf Info: Source file: <../figures_skt_iid/skewed_t_quant_lambda_0
-1.eps>
(epstopdf)                    date: 2019-03-17 21:15:32
(epstopdf)                    size: 85815 bytes
(epstopdf)             Output file: <../figures_skt_iid/skewed_t_quant_lambda_0
-1-eps-converted-to.pdf>
(epstopdf)                    date: 2019-03-17 21:17:58
(epstopdf)                    size: 48415 bytes
(epstopdf)             Command: <epstopdf --outfile=../figures_skt_iid/skewed_t
_quant_lambda_0-1-eps-converted-to.pdf ../figures_skt_iid/skewed_t_quant_lambda
_0-1.eps>
(epstopdf)             \includegraphics on input line 117.
Package epstopdf Info: Output file is already uptodate.

<../figures_skt_iid/skewed_t_quant_lambda_0-1-eps-converted-to.pdf, id=54, 351.
3125pt x 276.03125pt>
File: ../figures_skt_iid/skewed_t_quant_lambda_0-1-eps-converted-to.pdf Graphic
 file (type pdf)

<use ../figures_skt_iid/skewed_t_quant_lambda_0-1-eps-converted-to.pdf>
Package pdftex.def Info: ../figures_skt_iid/skewed_t_quant_lambda_0-1-eps-conve
rted-to.pdf used on input line 117.
(pdftex.def)             Requested size: 182.09486pt x 143.07797pt.
Package epstopdf Info: Source file: <../figures_skt_iid/skewed_t_quant_lambda_0
1.eps>
(epstopdf)                    date: 2019-03-17 21:15:33
(epstopdf)                    size: 85814 bytes
(epstopdf)             Output file: <../figures_skt_iid/skewed_t_quant_lambda_0
1-eps-converted-to.pdf>
(epstopdf)                    date: 2019-03-17 21:17:58
(epstopdf)                    size: 48414 bytes
(epstopdf)             Command: <epstopdf --outfile=../figures_skt_iid/skewed_t
_quant_lambda_01-eps-converted-to.pdf ../figures_skt_iid/skewed_t_quant_lambda_
01.eps>
(epstopdf)             \includegraphics on input line 118.
Package epstopdf Info: Output file is already uptodate.

<../figures_skt_iid/skewed_t_quant_lambda_01-eps-converted-to.pdf, id=55, 351.3
125pt x 276.03125pt>
File: ../figures_skt_iid/skewed_t_quant_lambda_01-eps-converted-to.pdf Graphic 
file (type pdf)

<use ../figures_skt_iid/skewed_t_quant_lambda_01-eps-converted-to.pdf>
Package pdftex.def Info: ../figures_skt_iid/skewed_t_quant_lambda_01-eps-conver
ted-to.pdf used on input line 118.
(pdftex.def)             Requested size: 182.09486pt x 143.07797pt.
Package epstopdf Info: Source file: <../figures_skt_iid/skt_iid_T100_VaRs_05_tr
ue_predicted.eps>
(epstopdf)                    date: 2019-03-17 20:25:07
(epstopdf)                    size: 76287 bytes
(epstopdf)             Output file: <../figures_skt_iid/skt_iid_T100_VaRs_05_tr
ue_predicted-eps-converted-to.pdf>
(epstopdf)                    date: 2019-03-17 20:29:06
(epstopdf)                    size: 39929 bytes
(epstopdf)             Command: <epstopdf --outfile=../figures_skt_iid/skt_iid_
T100_VaRs_05_true_predicted-eps-converted-to.pdf ../figures_skt_iid/skt_iid_T10
0_VaRs_05_true_predicted.eps>
(epstopdf)             \includegraphics on input line 129.
Package epstopdf Info: Output file is already uptodate.

<../figures_skt_iid/skt_iid_T100_VaRs_05_true_predicted-eps-converted-to.pdf, i
d=56, 370.38374pt x 289.08pt>
File: ../figures_skt_iid/skt_iid_T100_VaRs_05_true_predicted-eps-converted-to.p
df Graphic file (type pdf)

<use ../figures_skt_iid/skt_iid_T100_VaRs_05_true_predicted-eps-converted-to.pd
f>
Package pdftex.def Info: ../figures_skt_iid/skt_iid_T100_VaRs_05_true_predicted
-eps-converted-to.pdf used on input line 129.
(pdftex.def)             Requested size: 150.23138pt x 117.25319pt.
Package epstopdf Info: Source file: <../figures_skt_iid/skt_iid_T100_VaRs_1_tru
e_predicted.eps>
(epstopdf)                    date: 2019-03-17 20:25:08
(epstopdf)                    size: 76891 bytes
(epstopdf)             Output file: <../figures_skt_iid/skt_iid_T100_VaRs_1_tru
e_predicted-eps-converted-to.pdf>
(epstopdf)                    date: 2019-03-17 20:29:07
(epstopdf)                    size: 42358 bytes
(epstopdf)             Command: <epstopdf --outfile=../figures_skt_iid/skt_iid_
T100_VaRs_1_true_predicted-eps-converted-to.pdf ../figures_skt_iid/skt_iid_T100
_VaRs_1_true_predicted.eps>
(epstopdf)             \includegraphics on input line 130.
Package epstopdf Info: Output file is already uptodate.

<../figures_skt_iid/skt_iid_T100_VaRs_1_true_predicted-eps-converted-to.pdf, id
=57, 370.38374pt x 289.08pt>
File: ../figures_skt_iid/skt_iid_T100_VaRs_1_true_predicted-eps-converted-to.pd
f Graphic file (type pdf)

<use ../figures_skt_iid/skt_iid_T100_VaRs_1_true_predicted-eps-converted-to.pdf
>
Package pdftex.def Info: ../figures_skt_iid/skt_iid_T100_VaRs_1_true_predicted-
eps-converted-to.pdf used on input line 130.
(pdftex.def)             Requested size: 150.23138pt x 117.25319pt.
Package epstopdf Info: Source file: <../figures_skt_iid/skt_iid_T100_VaRs_5_tru
e_predicted.eps>
(epstopdf)                    date: 2019-03-17 20:25:09
(epstopdf)                    size: 72054 bytes
(epstopdf)             Output file: <../figures_skt_iid/skt_iid_T100_VaRs_5_tru
e_predicted-eps-converted-to.pdf>
(epstopdf)                    date: 2019-03-17 20:29:07
(epstopdf)                    size: 36750 bytes
(epstopdf)             Command: <epstopdf --outfile=../figures_skt_iid/skt_iid_
T100_VaRs_5_true_predicted-eps-converted-to.pdf ../figures_skt_iid/skt_iid_T100
_VaRs_5_true_predicted.eps>
(epstopdf)             \includegraphics on input line 131.
Package epstopdf Info: Output file is already uptodate.

<../figures_skt_iid/skt_iid_T100_VaRs_5_true_predicted-eps-converted-to.pdf, id
=58, 370.38374pt x 289.08pt>
File: ../figures_skt_iid/skt_iid_T100_VaRs_5_true_predicted-eps-converted-to.pd
f Graphic file (type pdf)

<use ../figures_skt_iid/skt_iid_T100_VaRs_5_true_predicted-eps-converted-to.pdf
>
Package pdftex.def Info: ../figures_skt_iid/skt_iid_T100_VaRs_5_true_predicted-
eps-converted-to.pdf used on input line 131.
(pdftex.def)             Requested size: 150.23138pt x 117.25319pt.
Package epstopdf Info: Source file: <../figures_skt_iid/skt_iid_T1000_VaRs_05_t
rue_predicted.eps>
(epstopdf)                    date: 2019-03-17 20:25:11
(epstopdf)                    size: 71936 bytes
(epstopdf)             Output file: <../figures_skt_iid/skt_iid_T1000_VaRs_05_t
rue_predicted-eps-converted-to.pdf>
(epstopdf)                    date: 2019-03-17 20:29:08
(epstopdf)                    size: 37026 bytes
(epstopdf)             Command: <epstopdf --outfile=../figures_skt_iid/skt_iid_
T1000_VaRs_05_true_predicted-eps-converted-to.pdf ../figures_skt_iid/skt_iid_T1
000_VaRs_05_true_predicted.eps>
(epstopdf)             \includegraphics on input line 135.
Package epstopdf Info: Output file is already uptodate.

<../figures_skt_iid/skt_iid_T1000_VaRs_05_true_predicted-eps-converted-to.pdf, 
id=59, 370.38374pt x 289.08pt>
File: ../figures_skt_iid/skt_iid_T1000_VaRs_05_true_predicted-eps-converted-to.
pdf Graphic file (type pdf)

<use ../figures_skt_iid/skt_iid_T1000_VaRs_05_true_predicted-eps-converted-to.p
df>
Package pdftex.def Info: ../figures_skt_iid/skt_iid_T1000_VaRs_05_true_predicte
d-eps-converted-to.pdf used on input line 135.
(pdftex.def)             Requested size: 150.23138pt x 117.25319pt.
Package epstopdf Info: Source file: <../figures_skt_iid/skt_iid_T1000_VaRs_1_tr
ue_predicted.eps>
(epstopdf)                    date: 2019-03-17 20:25:12
(epstopdf)                    size: 75723 bytes
(epstopdf)             Output file: <../figures_skt_iid/skt_iid_T1000_VaRs_1_tr
ue_predicted-eps-converted-to.pdf>
(epstopdf)                    date: 2019-03-17 20:29:08
(epstopdf)                    size: 40594 bytes
(epstopdf)             Command: <epstopdf --outfile=../figures_skt_iid/skt_iid_
T1000_VaRs_1_true_predicted-eps-converted-to.pdf ../figures_skt_iid/skt_iid_T10
00_VaRs_1_true_predicted.eps>
(epstopdf)             \includegraphics on input line 136.
Package epstopdf Info: Output file is already uptodate.

<../figures_skt_iid/skt_iid_T1000_VaRs_1_true_predicted-eps-converted-to.pdf, i
d=60, 370.38374pt x 289.08pt>
File: ../figures_skt_iid/skt_iid_T1000_VaRs_1_true_predicted-eps-converted-to.p
df Graphic file (type pdf)

<use ../figures_skt_iid/skt_iid_T1000_VaRs_1_true_predicted-eps-converted-to.pd
f>
Package pdftex.def Info: ../figures_skt_iid/skt_iid_T1000_VaRs_1_true_predicted
-eps-converted-to.pdf used on input line 136.
(pdftex.def)             Requested size: 150.23138pt x 117.25319pt.
Package epstopdf Info: Source file: <../figures_skt_iid/skt_iid_T1000_VaRs_5_tr
ue_predicted.eps>
(epstopdf)                    date: 2019-03-17 20:25:14
(epstopdf)                    size: 71699 bytes
(epstopdf)             Output file: <../figures_skt_iid/skt_iid_T1000_VaRs_5_tr
ue_predicted-eps-converted-to.pdf>
(epstopdf)                    date: 2019-03-17 20:29:09
(epstopdf)                    size: 36164 bytes
(epstopdf)             Command: <epstopdf --outfile=../figures_skt_iid/skt_iid_
T1000_VaRs_5_true_predicted-eps-converted-to.pdf ../figures_skt_iid/skt_iid_T10
00_VaRs_5_true_predicted.eps>
(epstopdf)             \includegraphics on input line 137.
Package epstopdf Info: Output file is already uptodate.

<../figures_skt_iid/skt_iid_T1000_VaRs_5_true_predicted-eps-converted-to.pdf, i
d=61, 370.38374pt x 289.08pt>
File: ../figures_skt_iid/skt_iid_T1000_VaRs_5_true_predicted-eps-converted-to.p
df Graphic file (type pdf)

<use ../figures_skt_iid/skt_iid_T1000_VaRs_5_true_predicted-eps-converted-to.pd
f>
Package pdftex.def Info: ../figures_skt_iid/skt_iid_T1000_VaRs_5_true_predicted
-eps-converted-to.pdf used on input line 137.
(pdftex.def)             Requested size: 150.23138pt x 117.25319pt.
Package epstopdf Info: Source file: <../figures_skt_iid/skt_iid_T10000_VaRs_05_
true_predicted.eps>
(epstopdf)                    date: 2019-03-17 20:25:16
(epstopdf)                    size: 71759 bytes
(epstopdf)             Output file: <../figures_skt_iid/skt_iid_T10000_VaRs_05_
true_predicted-eps-converted-to.pdf>
(epstopdf)                    date: 2019-03-17 20:29:09
(epstopdf)                    size: 36447 bytes
(epstopdf)             Command: <epstopdf --outfile=../figures_skt_iid/skt_iid_
T10000_VaRs_05_true_predicted-eps-converted-to.pdf ../figures_skt_iid/skt_iid_T
10000_VaRs_05_true_predicted.eps>
(epstopdf)             \includegraphics on input line 141.
Package epstopdf Info: Output file is already uptodate.

<../figures_skt_iid/skt_iid_T10000_VaRs_05_true_predicted-eps-converted-to.pdf,
 id=62, 370.38374pt x 289.08pt>
File: ../figures_skt_iid/skt_iid_T10000_VaRs_05_true_predicted-eps-converted-to
.pdf Graphic file (type pdf)

<use ../figures_skt_iid/skt_iid_T10000_VaRs_05_true_predicted-eps-converted-to.
pdf>
Package pdftex.def Info: ../figures_skt_iid/skt_iid_T10000_VaRs_05_true_predict
ed-eps-converted-to.pdf used on input line 141.
(pdftex.def)             Requested size: 150.23138pt x 117.25319pt.
Package epstopdf Info: Source file: <../figures_skt_iid/skt_iid_T10000_VaRs_1_t
rue_predicted.eps>
(epstopdf)                    date: 2019-03-17 20:25:17
(epstopdf)                    size: 75725 bytes
(epstopdf)             Output file: <../figures_skt_iid/skt_iid_T10000_VaRs_1_t
rue_predicted-eps-converted-to.pdf>
(epstopdf)                    date: 2019-03-17 20:29:10
(epstopdf)                    size: 40569 bytes
(epstopdf)             Command: <epstopdf --outfile=../figures_skt_iid/skt_iid_
T10000_VaRs_1_true_predicted-eps-converted-to.pdf ../figures_skt_iid/skt_iid_T1
0000_VaRs_1_true_predicted.eps>
(epstopdf)             \includegraphics on input line 142.
Package epstopdf Info: Output file is already uptodate.

<../figures_skt_iid/skt_iid_T10000_VaRs_1_true_predicted-eps-converted-to.pdf, 
id=63, 370.38374pt x 289.08pt>
File: ../figures_skt_iid/skt_iid_T10000_VaRs_1_true_predicted-eps-converted-to.
pdf Graphic file (type pdf)

<use ../figures_skt_iid/skt_iid_T10000_VaRs_1_true_predicted-eps-converted-to.p
df>
Package pdftex.def Info: ../figures_skt_iid/skt_iid_T10000_VaRs_1_true_predicte
d-eps-converted-to.pdf used on input line 142.
(pdftex.def)             Requested size: 150.23138pt x 117.25319pt.
Package epstopdf Info: Source file: <../figures_skt_iid/skt_iid_T10000_VaRs_5_t
rue_predicted.eps>
(epstopdf)                    date: 2019-03-17 20:25:18
(epstopdf)                    size: 78459 bytes
(epstopdf)             Output file: <../figures_skt_iid/skt_iid_T10000_VaRs_5_t
rue_predicted-eps-converted-to.pdf>
(epstopdf)                    date: 2019-03-17 20:29:10
(epstopdf)                    size: 39968 bytes
(epstopdf)             Command: <epstopdf --outfile=../figures_skt_iid/skt_iid_
T10000_VaRs_5_true_predicted-eps-converted-to.pdf ../figures_skt_iid/skt_iid_T1
0000_VaRs_5_true_predicted.eps>
(epstopdf)             \includegraphics on input line 143.
Package epstopdf Info: Output file is already uptodate.

<../figures_skt_iid/skt_iid_T10000_VaRs_5_true_predicted-eps-converted-to.pdf, 
id=64, 370.38374pt x 289.08pt>
File: ../figures_skt_iid/skt_iid_T10000_VaRs_5_true_predicted-eps-converted-to.
pdf Graphic file (type pdf)

<use ../figures_skt_iid/skt_iid_T10000_VaRs_5_true_predicted-eps-converted-to.p
df>
Package pdftex.def Info: ../figures_skt_iid/skt_iid_T10000_VaRs_5_true_predicte
d-eps-converted-to.pdf used on input line 143.
(pdftex.def)             Requested size: 150.23138pt x 117.25319pt.
Package epstopdf Info: Source file: <../figures_skt_iid/skt_iid_T100means_bar.e
ps>
(epstopdf)                    date: 2019-03-17 20:25:06
(epstopdf)                    size: 107319 bytes
(epstopdf)             Output file: <../figures_skt_iid/skt_iid_T100means_bar-e
ps-converted-to.pdf>
(epstopdf)                    date: 2019-03-17 20:56:18
(epstopdf)                    size: 61442 bytes
(epstopdf)             Command: <epstopdf --outfile=../figures_skt_iid/skt_iid_
T100means_bar-eps-converted-to.pdf ../figures_skt_iid/skt_iid_T100means_bar.eps
>
(epstopdf)             \includegraphics on input line 158.
Package epstopdf Info: Output file is already uptodate.

<../figures_skt_iid/skt_iid_T100means_bar-eps-converted-to.pdf, id=65, 672.5125
pt x 209.78375pt>
File: ../figures_skt_iid/skt_iid_T100means_bar-eps-converted-to.pdf Graphic fil
e (type pdf)

<use ../figures_skt_iid/skt_iid_T100means_bar-eps-converted-to.pdf>
Package pdftex.def Info: ../figures_skt_iid/skt_iid_T100means_bar-eps-converted
-to.pdf used on input line 158.
(pdftex.def)             Requested size: 455.24411pt x 142.01083pt.
Package epstopdf Info: Source file: <../figures_skt_iid/skt_iid_T1000means_bar.
eps>
(epstopdf)                    date: 2019-03-17 20:25:10
(epstopdf)                    size: 106375 bytes
(epstopdf)             Output file: <../figures_skt_iid/skt_iid_T1000means_bar-
eps-converted-to.pdf>
(epstopdf)                    date: 2019-03-17 20:56:19
(epstopdf)                    size: 63068 bytes
(epstopdf)             Command: <epstopdf --outfile=../figures_skt_iid/skt_iid_
T1000means_bar-eps-converted-to.pdf ../figures_skt_iid/skt_iid_T1000means_bar.e
ps>
(epstopdf)             \includegraphics on input line 162.
Package epstopdf Info: Output file is already uptodate.

<../figures_skt_iid/skt_iid_T1000means_bar-eps-converted-to.pdf, id=66, 684.557
5pt x 209.78375pt>
File: ../figures_skt_iid/skt_iid_T1000means_bar-eps-converted-to.pdf Graphic fi
le (type pdf)

<use ../figures_skt_iid/skt_iid_T1000means_bar-eps-converted-to.pdf>
Package pdftex.def Info: ../figures_skt_iid/skt_iid_T1000means_bar-eps-converte
d-to.pdf used on input line 162.
(pdftex.def)             Requested size: 455.24411pt x 139.51402pt.
Package epstopdf Info: Source file: <../figures_skt_iid/skt_iid_T10000means_bar
.eps>
(epstopdf)                    date: 2019-03-17 20:25:15
(epstopdf)                    size: 105685 bytes
(epstopdf)             Output file: <../figures_skt_iid/skt_iid_T10000means_bar
-eps-converted-to.pdf>
(epstopdf)                    date: 2019-03-17 20:56:19
(epstopdf)                    size: 62429 bytes
(epstopdf)             Command: <epstopdf --outfile=../figures_skt_iid/skt_iid_
T10000means_bar-eps-converted-to.pdf ../figures_skt_iid/skt_iid_T10000means_bar
.eps>
(epstopdf)             \includegraphics on input line 166.
Package epstopdf Info: Output file is already uptodate.

<../figures_skt_iid/skt_iid_T10000means_bar-eps-converted-to.pdf, id=67, 684.55
75pt x 209.78375pt>
File: ../figures_skt_iid/skt_iid_T10000means_bar-eps-converted-to.pdf Graphic f
ile (type pdf)

<use ../figures_skt_iid/skt_iid_T10000means_bar-eps-converted-to.pdf>
Package pdftex.def Info: ../figures_skt_iid/skt_iid_T10000means_bar-eps-convert
ed-to.pdf used on input line 166.
(pdftex.def)             Requested size: 455.24411pt x 139.51402pt.
 [2]
[3 <C:/Users/ab507t/Dropbox/New Projects/Censored Posterior/PCP/results/NEW_com
bined/figures_skt_iid/skewed_t_quant_lambda_0-5-eps-converted-to.pdf> <C:/Users
/ab507t/Dropbox/New Projects/Censored Posterior/PCP/results/NEW_combined/figure
s_skt_iid/skewed_t_quant_lambda_05-eps-converted-to.pdf> <C:/Users/ab507t/Dropb
ox/New Projects/Censored Posterior/PCP/results/NEW_combined/figures_skt_iid/ske
wed_t_quant_lambda_0-3-eps-converted-to.pdf> <C:/Users/ab507t/Dropbox/New Proje
cts/Censored Posterior/PCP/results/NEW_combined/figures_skt_iid/skewed_t_quant_
lambda_03-eps-converted-to.pdf> <C:/Users/ab507t/Dropbox/New Projects/Censored 
Posterior/PCP/results/NEW_combined/figures_skt_iid/skewed_t_quant_lambda_0-1-ep
s-converted-to.pdf> <C:/Users/ab507t/Dropbox/New Projects/Censored Posterior/PC
P/results/NEW_combined/figures_skt_iid/skewed_t_quant_lambda_01-eps-converted-t
o.pdf>] [4 <C:/Users/ab507t/Dropbox/New Projects/Censored Posterior/PCP/results
/NEW_combined/figures_skt_iid/skt_iid_T100_VaRs_05_true_predicted-eps-converted
-to.pdf> <C:/Users/ab507t/Dropbox/New Projects/Censored Posterior/PCP/results/N
EW_combined/figures_skt_iid/skt_iid_T100_VaRs_1_true_predicted-eps-converted-to
.pdf> <C:/Users/ab507t/Dropbox/New Projects/Censored Posterior/PCP/results/NEW_
combined/figures_skt_iid/skt_iid_T100_VaRs_5_true_predicted-eps-converted-to.pd
f> <C:/Users/ab507t/Dropbox/New Projects/Censored Posterior/PCP/results/NEW_com
bined/figures_skt_iid/skt_iid_T1000_VaRs_05_true_predicted-eps-converted-to.pdf
> <C:/Users/ab507t/Dropbox/New Projects/Censored Posterior/PCP/results/NEW_comb
ined/figures_skt_iid/skt_iid_T1000_VaRs_1_true_predicted-eps-converted-to.pdf> 
<C:/Users/ab507t/Dropbox/New Projects/Censored Posterior/PCP/results/NEW_combin
ed/figures_skt_iid/skt_iid_T1000_VaRs_5_true_predicted-eps-converted-to.pdf> <C
:/Users/ab507t/Dropbox/New Projects/Censored Posterior/PCP/results/NEW_combined
/figures_skt_iid/skt_iid_T10000_VaRs_05_true_predicted-eps-converted-to.pdf> <C
:/Users/ab507t/Dropbox/New Projects/Censored Posterior/PCP/results/NEW_combined
/figures_skt_iid/skt_iid_T10000_VaRs_1_true_predicted-eps-converted-to.pdf> <C:
/Users/ab507t/Dropbox/New Projects/Censored Posterior/PCP/results/NEW_combined/
figures_skt_iid/skt_iid_T10000_VaRs_5_true_predicted-eps-converted-to.pdf>]
[5 <C:/Users/ab507t/Dropbox/New Projects/Censored Posterior/PCP/results/NEW_com
bined/figures_skt_iid/skt_iid_T100means_bar-eps-converted-to.pdf> <C:/Users/ab5
07t/Dropbox/New Projects/Censored Posterior/PCP/results/NEW_combined/figures_sk
t_iid/skt_iid_T1000means_bar-eps-converted-to.pdf> <C:/Users/ab507t/Dropbox/New
 Projects/Censored Posterior/PCP/results/NEW_combined/figures_skt_iid/skt_iid_T
10000means_bar-eps-converted-to.pdf>]
Package epstopdf Info: Source file: <IBM_crisis_up.eps>
(epstopdf)                    date: 2019-03-01 19:04:56
(epstopdf)                    size: 118343 bytes
(epstopdf)             Output file: <IBM_crisis_up-eps-converted-to.pdf>
(epstopdf)                    date: 2019-03-01 19:07:02
(epstopdf)                    size: 53684 bytes
(epstopdf)             Command: <epstopdf --outfile=IBM_crisis_up-eps-converted
-to.pdf IBM_crisis_up.eps>
(epstopdf)             \includegraphics on input line 193.
Package epstopdf Info: Output file is already uptodate.

<IBM_crisis_up-eps-converted-to.pdf, id=130, 351.3125pt x 155.58125pt>
File: IBM_crisis_up-eps-converted-to.pdf Graphic file (type pdf)

<use IBM_crisis_up-eps-converted-to.pdf>
Package pdftex.def Info: IBM_crisis_up-eps-converted-to.pdf used on input line 
193.
(pdftex.def)             Requested size: 273.14923pt x 120.9754pt.
 [6

 <C:/Users/ab507t/Dropbox/New Projects/Censored Posterior/PCP/results/NEW_combi
ned/Description/IBM_crisis_up-eps-converted-to.pdf>]
Package epstopdf Info: Source file: <skt_agarch11_IBM_T2000_crisis_up_mle_thres
holds.eps>
(epstopdf)                    date: 2019-02-28 16:18:51
(epstopdf)                    size: 489312 bytes
(epstopdf)             Output file: <skt_agarch11_IBM_T2000_crisis_up_mle_thres
holds-eps-converted-to.pdf>
(epstopdf)                    date: 2019-03-03 18:07:35
(epstopdf)                    size: 197444 bytes
(epstopdf)             Command: <epstopdf --outfile=skt_agarch11_IBM_T2000_cris
is_up_mle_thresholds-eps-converted-to.pdf skt_agarch11_IBM_T2000_crisis_up_mle_
thresholds.eps>
(epstopdf)             \includegraphics on input line 220.
Package epstopdf Info: Output file is already uptodate.

<skt_agarch11_IBM_T2000_crisis_up_mle_thresholds-eps-converted-to.pdf, id=143, 
508.90125pt x 223.83624pt>
File: skt_agarch11_IBM_T2000_crisis_up_mle_thresholds-eps-converted-to.pdf Grap
hic file (type pdf)

<use skt_agarch11_IBM_T2000_crisis_up_mle_thresholds-eps-converted-to.pdf>
Package pdftex.def Info: skt_agarch11_IBM_T2000_crisis_up_mle_thresholds-eps-co
nverted-to.pdf used on input line 220.
(pdftex.def)             Requested size: 227.62206pt x 100.11742pt.
Package epstopdf Info: Source file: <tgas_IBM_T2000_crisis_up_mle_thresholds.ep
s>
(epstopdf)                    date: 2019-02-28 16:19:03
(epstopdf)                    size: 204200 bytes
(epstopdf)             Output file: <tgas_IBM_T2000_crisis_up_mle_thresholds-ep
s-converted-to.pdf>
(epstopdf)                    date: 2019-03-03 18:07:36
(epstopdf)                    size: 88852 bytes
(epstopdf)             Command: <epstopdf --outfile=tgas_IBM_T2000_crisis_up_ml
e_thresholds-eps-converted-to.pdf tgas_IBM_T2000_crisis_up_mle_thresholds.eps>
(epstopdf)             \includegraphics on input line 241.
Package epstopdf Info: Output file is already uptodate.

<tgas_IBM_T2000_crisis_up_mle_thresholds-eps-converted-to.pdf, id=146, 508.9012
5pt x 223.83624pt>
File: tgas_IBM_T2000_crisis_up_mle_thresholds-eps-converted-to.pdf Graphic file
 (type pdf)

<use tgas_IBM_T2000_crisis_up_mle_thresholds-eps-converted-to.pdf>
Package pdftex.def Info: tgas_IBM_T2000_crisis_up_mle_thresholds-eps-converted-
to.pdf used on input line 241.
(pdftex.def)             Requested size: 254.93558pt x 112.13301pt.

("C:\Users\ab507t\Dropbox\New Projects\Censored Posterior\PCP\results\NEW_combi
ned\Description\References.tex"
("C:\Users\ab507t\Dropbox\New Projects\Censored Posterior\PCP\results\NEW_combi
ned\Description\main.bbl" [7 <C:/Users/ab507t/Dropbox/New Projects/Censored Pos
terior/PCP/results/NEW_combined/Description/skt_agarch11_IBM_T2000_crisis_up_ml
e_thresholds-eps-converted-to.pdf> <C:/Users/ab507t/Dropbox/New Projects/Censor
ed Posterior/PCP/results/NEW_combined/Description/tgas_IBM_T2000_crisis_up_mle_
thresholds-eps-converted-to.pdf>]) [8])

Package caption Warning: Unused \captionsetup[subtable] on input line 64.
See the caption package documentation for explanation.

Package atveryend Info: Empty hook `BeforeClearDocument' on input line 252.
Package atveryend Info: Empty hook `AfterLastShipout' on input line 252.

("C:\Users\ab507t\Dropbox\New Projects\Censored Posterior\PCP\results\NEW_combi
ned\Description\main.aux")
Package atveryend Info: Executing hook `AtVeryEndDocument' on input line 252.
Package atveryend Info: Executing hook `AtEndAfterFileList' on input line 252.
Package rerunfilecheck Info: File `main.out' has not changed.
(rerunfilecheck)             Checksum: A9BAC394CF07CB3C9EEAE3B029285A4F;273.
Package atveryend Info: Empty hook `AtVeryVeryEnd' on input line 252.
 ) 
Here is how much of TeX's memory you used:
 28392 strings out of 493921
 528211 string characters out of 3144874
 650038 words of memory out of 3000000
 31088 multiletter control sequences out of 15000+200000
 12433 words of font info for 49 fonts, out of 3000000 for 9000
 841 hyphenation exceptions out of 8191
 65i,12n,92p,699b,624s stack positions out of 5000i,500n,10000p,200000b,50000s
<C:/Program Files (x86)/MiKTeX 2.9/fonts/type1/public/amsfonts/cm/cmbx10.pfb>
<C:/Program Files (x86)/MiKTeX 2.9/fonts/type1/public/amsfonts/cm/cmbx12.pfb><C
:/Program Files (x86)/MiKTeX 2.9/fonts/type1/public/amsfonts/cm/cmbx7.pfb><C:/P
rogram Files (x86)/MiKTeX 2.9/fonts/type1/public/amsfonts/cm/cmex10.pfb><C:/Pro
gram Files (x86)/MiKTeX 2.9/fonts/type1/public/amsfonts/cm/cmmi10.pfb><C:/Progr
am Files (x86)/MiKTeX 2.9/fonts/type1/public/amsfonts/cm/cmmi12.pfb><C:/Program
 Files (x86)/MiKTeX 2.9/fonts/type1/public/amsfonts/cm/cmmi7.pfb><C:/Program Fi
les (x86)/MiKTeX 2.9/fonts/type1/public/amsfonts/cm/cmr10.pfb><C:/Program Files
 (x86)/MiKTeX 2.9/fonts/type1/public/amsfonts/cm/cmr12.pfb><C:/Program Files (x
86)/MiKTeX 2.9/fonts/type1/public/amsfonts/cm/cmr17.pfb><C:/Program Files (x86)
/MiKTeX 2.9/fonts/type1/public/amsfonts/cm/cmr7.pfb><C:/Program Files (x86)/MiK
TeX 2.9/fonts/type1/public/amsfonts/cm/cmsy10.pfb><C:/Program Files (x86)/MiKTe
X 2.9/fonts/type1/public/amsfonts/cm/cmsy7.pfb><C:/Program Files (x86)/MiKTeX 2
.9/fonts/type1/public/amsfonts/cm/cmti10.pfb><C:/Program Files (x86)/MiKTeX 2.9
/fonts/type1/public/amsfonts/cm/cmtt10.pfb>
Output written on main.pdf (8 pages, 1309643 bytes).
PDF statistics:
 218 PDF objects out of 1000 (max. 8388607)
 24 named destinations out of 1000 (max. 500000)
 158 words of extra memory for PDF output out of 10000 (max. 10000000)

